[2018-08-05 15:36:06.103] [exthost1] [info] extension host started
[2018-08-05 15:36:06.226] [exthost1] [info] ExtensionService#_doActivateExtension vscode.emmet {"startup":true,"activationEvent":"*"}
[2018-08-05 15:36:06.226] [exthost1] [info] ExtensionService#loadCommonJSModule /opt/visual-studio-code/resources/app/extensions/emmet/out/extension
[2018-08-05 15:36:06.483] [exthost1] [info] ExtensionService#_doActivateExtension vscode.git {"startup":true,"activationEvent":"*"}
[2018-08-05 15:36:06.483] [exthost1] [info] ExtensionService#loadCommonJSModule /opt/visual-studio-code/resources/app/extensions/git/out/main
[2018-08-05 15:36:06.880] [exthost1] [info] ExtensionService#_doActivateExtension vscode.merge-conflict {"startup":true,"activationEvent":"*"}
[2018-08-05 15:36:06.880] [exthost1] [info] ExtensionService#loadCommonJSModule /opt/visual-studio-code/resources/app/extensions/merge-conflict/out/extension
[2018-08-05 15:36:06.902] [exthost1] [info] ExtensionService#_doActivateExtension vscode.search-rg {"startup":true,"activationEvent":"*"}
[2018-08-05 15:36:06.902] [exthost1] [info] ExtensionService#loadCommonJSModule /opt/visual-studio-code/resources/app/extensions/search-rg/out/extension
[2018-08-05 15:36:06.914] [exthost1] [info] ExtensionService#_doActivateExtension Zignd.html-css-class-completion {"startup":true,"activationEvent":"*"}
[2018-08-05 15:36:06.914] [exthost1] [info] ExtensionService#loadCommonJSModule /home/doit/.vscode/extensions/Zignd.html-css-class-completion-1.17.1/out/src/extension
[2018-08-05 15:36:07.663] [exthost1] [info] ExtensionService#_doActivateExtension alefragnani.Bookmarks {"startup":true,"activationEvent":"*"}
[2018-08-05 15:36:07.663] [exthost1] [info] ExtensionService#loadCommonJSModule /home/doit/.vscode/extensions/alefragnani.bookmarks-9.0.3/out/src/extension
[2018-08-05 15:36:07.681] [exthost1] [info] ExtensionService#_doActivateExtension dariofuzinato.vue-peek {"startup":true,"activationEvent":"*"}
[2018-08-05 15:36:07.682] [exthost1] [info] ExtensionService#loadCommonJSModule /home/doit/.vscode/extensions/dariofuzinato.vue-peek-1.0.2/out/src/extension
[2018-08-05 15:36:07.684] [exthost1] [info] ExtensionService#_doActivateExtension dbaeumer.vscode-eslint {"startup":true,"activationEvent":"*"}
[2018-08-05 15:36:07.684] [exthost1] [info] ExtensionService#loadCommonJSModule /home/doit/.vscode/extensions/dbaeumer.vscode-eslint-1.4.12/client/out/extension
[2018-08-05 15:36:07.796] [exthost1] [info] ExtensionService#_doActivateExtension eamodio.gitlens {"startup":true,"activationEvent":"*"}
[2018-08-05 15:36:07.796] [exthost1] [info] ExtensionService#loadCommonJSModule /home/doit/.vscode/extensions/eamodio.gitlens-8.5.4/out/extension
[2018-08-05 15:36:08.195] [exthost1] [info] ExtensionService#_doActivateExtension vincaslt.highlight-matching-tag {"startup":true,"activationEvent":"*"}
[2018-08-05 15:36:08.195] [exthost1] [info] ExtensionService#loadCommonJSModule /home/doit/.vscode/extensions/vincaslt.highlight-matching-tag-0.4.4/out/src/extension
[2018-08-05 15:36:08.204] [exthost1] [info] ExtensionService#_doActivateExtension wayou.vscode-todo-highlight {"startup":true,"activationEvent":"*"}
[2018-08-05 15:36:08.204] [exthost1] [info] ExtensionService#loadCommonJSModule /home/doit/.vscode/extensions/wayou.vscode-todo-highlight-1.0.4/src/extension
[2018-08-05 15:36:08.214] [exthost1] [info] eager extensions activated
[2018-08-05 15:36:08.512] [exthost1] [info] ExtensionService#_doActivateExtension vscode.html-language-features {"startup":false,"activationEvent":"onLanguage:html"}
[2018-08-05 15:36:08.512] [exthost1] [info] ExtensionService#loadCommonJSModule /opt/visual-studio-code/resources/app/extensions/html-language-features/client/out/htmlMain
[2018-08-05 15:36:08.865] [exthost1] [info] ExtensionService#_doActivateExtension vscode.configuration-editing {"startup":false,"activationEvent":"onLanguage:jsonc"}
[2018-08-05 15:36:08.865] [exthost1] [info] ExtensionService#loadCommonJSModule /opt/visual-studio-code/resources/app/extensions/configuration-editing/out/extension
[2018-08-05 15:36:08.893] [exthost1] [info] ExtensionService#_doActivateExtension vscode.json-language-features {"startup":false,"activationEvent":"onLanguage:jsonc"}
[2018-08-05 15:36:08.893] [exthost1] [info] ExtensionService#loadCommonJSModule /opt/visual-studio-code/resources/app/extensions/json-language-features/client/out/jsonMain
[2018-08-05 15:36:47.841] [exthost1] [info] extension host started
[2018-08-05 15:36:47.920] [exthost1] [info] ExtensionService#_doActivateExtension vscode.emmet {"startup":true,"activationEvent":"*"}
[2018-08-05 15:36:47.921] [exthost1] [info] ExtensionService#loadCommonJSModule /opt/visual-studio-code/resources/app/extensions/emmet/out/extension
[2018-08-05 15:36:48.070] [exthost1] [info] ExtensionService#_doActivateExtension vscode.git {"startup":true,"activationEvent":"*"}
[2018-08-05 15:36:48.070] [exthost1] [info] ExtensionService#loadCommonJSModule /opt/visual-studio-code/resources/app/extensions/git/out/main
[2018-08-05 15:36:48.343] [exthost1] [info] ExtensionService#_doActivateExtension vscode.merge-conflict {"startup":true,"activationEvent":"*"}
[2018-08-05 15:36:48.343] [exthost1] [info] ExtensionService#loadCommonJSModule /opt/visual-studio-code/resources/app/extensions/merge-conflict/out/extension
[2018-08-05 15:36:48.369] [exthost1] [info] ExtensionService#_doActivateExtension vscode.search-rg {"startup":true,"activationEvent":"*"}
[2018-08-05 15:36:48.369] [exthost1] [info] ExtensionService#loadCommonJSModule /opt/visual-studio-code/resources/app/extensions/search-rg/out/extension
[2018-08-05 15:36:48.382] [exthost1] [info] ExtensionService#_doActivateExtension Zignd.html-css-class-completion {"startup":true,"activationEvent":"*"}
[2018-08-05 15:36:48.382] [exthost1] [info] ExtensionService#loadCommonJSModule /home/doit/.vscode/extensions/Zignd.html-css-class-completion-1.17.1/out/src/extension
[2018-08-05 15:36:49.021] [exthost1] [info] ExtensionService#_doActivateExtension alefragnani.Bookmarks {"startup":true,"activationEvent":"*"}
[2018-08-05 15:36:49.021] [exthost1] [info] ExtensionService#loadCommonJSModule /home/doit/.vscode/extensions/alefragnani.bookmarks-9.0.3/out/src/extension
[2018-08-05 15:36:49.034] [exthost1] [info] ExtensionService#_doActivateExtension dariofuzinato.vue-peek {"startup":true,"activationEvent":"*"}
[2018-08-05 15:36:49.034] [exthost1] [info] ExtensionService#loadCommonJSModule /home/doit/.vscode/extensions/dariofuzinato.vue-peek-1.0.2/out/src/extension
[2018-08-05 15:36:49.036] [exthost1] [info] ExtensionService#_doActivateExtension dbaeumer.vscode-eslint {"startup":true,"activationEvent":"*"}
[2018-08-05 15:36:49.036] [exthost1] [info] ExtensionService#loadCommonJSModule /home/doit/.vscode/extensions/dbaeumer.vscode-eslint-1.4.12/client/out/extension
[2018-08-05 15:36:49.136] [exthost1] [info] ExtensionService#_doActivateExtension eamodio.gitlens {"startup":true,"activationEvent":"*"}
[2018-08-05 15:36:49.136] [exthost1] [info] ExtensionService#loadCommonJSModule /home/doit/.vscode/extensions/eamodio.gitlens-8.5.4/out/extension
[2018-08-05 15:36:49.383] [exthost1] [info] ExtensionService#_doActivateExtension vincaslt.highlight-matching-tag {"startup":true,"activationEvent":"*"}
[2018-08-05 15:36:49.383] [exthost1] [info] ExtensionService#loadCommonJSModule /home/doit/.vscode/extensions/vincaslt.highlight-matching-tag-0.4.4/out/src/extension
[2018-08-05 15:36:49.385] [exthost1] [info] ExtensionService#_doActivateExtension wayou.vscode-todo-highlight {"startup":true,"activationEvent":"*"}
[2018-08-05 15:36:49.385] [exthost1] [info] ExtensionService#loadCommonJSModule /home/doit/.vscode/extensions/wayou.vscode-todo-highlight-1.0.4/src/extension
[2018-08-05 15:36:49.909] [exthost1] [info] ExtensionService#_doActivateExtension felixfbecker.php-intellisense {"startup":true,"activationEvent":"workspaceContains:**/*.php"}
[2018-08-05 15:36:49.909] [exthost1] [info] ExtensionService#loadCommonJSModule /home/doit/.vscode/extensions/felixfbecker.php-intellisense-2.3.3/out/extension
[2018-08-05 15:36:50.047] [exthost1] [info] eager extensions activated
[2018-08-05 15:37:31.050] [exthost1] [info] ExtensionService#_doActivateExtension vscode.html-language-features {"startup":false,"activationEvent":"onLanguage:html"}
[2018-08-05 15:37:31.050] [exthost1] [info] ExtensionService#loadCommonJSModule /opt/visual-studio-code/resources/app/extensions/html-language-features/client/out/htmlMain
[2018-08-05 16:02:59.408] [exthost1] [info] ExtensionService#_doActivateExtension vscode.typescript-language-features {"startup":false,"activationEvent":"onLanguage:javascript"}
[2018-08-05 16:02:59.408] [exthost1] [info] ExtensionService#loadCommonJSModule /opt/visual-studio-code/resources/app/extensions/typescript-language-features/out/extension
[2018-08-05 16:02:59.674] [exthost1] [info] ExtensionService#_doActivateExtension christian-kohler.npm-intellisense {"startup":false,"activationEvent":"onLanguage:javascript"}
[2018-08-05 16:02:59.674] [exthost1] [info] ExtensionService#loadCommonJSModule /home/doit/.vscode/extensions/christian-kohler.npm-intellisense-1.3.0/out/src/extension
[2018-08-05 16:02:59.701] [exthost1] [info] ExtensionService#_doActivateExtension wix.vscode-import-cost {"startup":false,"activationEvent":"onLanguage:javascript"}
[2018-08-05 16:02:59.701] [exthost1] [info] ExtensionService#loadCommonJSModule /home/doit/.vscode/extensions/wix.vscode-import-cost-2.8.0/out/src/extension
[2018-08-05 16:04:04.429] [exthost1] [info] ExtensionService#_doActivateExtension vscode.extension-editing {"startup":false,"activationEvent":"onLanguage:typescript"}
[2018-08-05 16:04:04.429] [exthost1] [info] ExtensionService#loadCommonJSModule /opt/visual-studio-code/resources/app/extensions/extension-editing/out/extension
[2018-08-05 16:08:48.051] [exthost1] [info] ExtensionService#_doActivateExtension vscode.configuration-editing {"startup":false,"activationEvent":"onLanguage:jsonc"}
[2018-08-05 16:08:48.051] [exthost1] [info] ExtensionService#loadCommonJSModule /opt/visual-studio-code/resources/app/extensions/configuration-editing/out/extension
[2018-08-05 16:08:48.073] [exthost1] [info] ExtensionService#_doActivateExtension vscode.json-language-features {"startup":false,"activationEvent":"onLanguage:jsonc"}
[2018-08-05 16:08:48.073] [exthost1] [info] ExtensionService#loadCommonJSModule /opt/visual-studio-code/resources/app/extensions/json-language-features/client/out/jsonMain
