[2018-08-05 15:36:05.243] [renderer1] [info] no standard startup: not the explorer viewlet
[2018-08-05 15:36:08.581] [renderer1] [info] No grammar found for scope source.smarty
[2018-08-05 15:36:46.668] [renderer1] [info] no standard startup: not just one text editor
[2018-08-05 15:37:31.561] [renderer1] [info] No grammar found for scope source.smarty
[2018-08-05 15:38:52.671] [renderer1] [error] Cannot read property 'opening' of null: TypeError: Cannot read property 'opening' of null
    at getClosingTag (/home/doit/.vscode/extensions/vincaslt.highlight-matching-tag-0.4.4/out/src/extension.js:61:35)
    at findClosingTag (/home/doit/.vscode/extensions/vincaslt.highlight-matching-tag-0.4.4/out/src/extension.js:67:46)
    at findCurrentTag (/home/doit/.vscode/extensions/vincaslt.highlight-matching-tag-0.4.4/out/src/extension.js:87:16)
    at vscode.window.onDidChangeTextEditorSelection (/home/doit/.vscode/extensions/vincaslt.highlight-matching-tag-0.4.4/out/src/extension.js:134:28)
    at e.fire (/opt/visual-studio-code/resources/app/out/vs/workbench/node/extensionHostProcess.js:97:917)
    at e.$acceptEditorPropertiesChanged (/opt/visual-studio-code/resources/app/out/vs/workbench/node/extensionHostProcess.js:758:723)
    at e._doInvokeHandler (/opt/visual-studio-code/resources/app/out/vs/workbench/node/extensionHostProcess.js:658:87)
    at e._invokeHandler (/opt/visual-studio-code/resources/app/out/vs/workbench/node/extensionHostProcess.js:657:779)
    at e._receiveRequest (/opt/visual-studio-code/resources/app/out/vs/workbench/node/extensionHostProcess.js:656:851)
    at e._receiveOneMessage (/opt/visual-studio-code/resources/app/out/vs/workbench/node/extensionHostProcess.js:656:620)
    at /opt/visual-studio-code/resources/app/out/vs/workbench/node/extensionHostProcess.js:655:544
    at /opt/visual-studio-code/resources/app/out/vs/workbench/node/extensionHostProcess.js:658:673
    at /opt/visual-studio-code/resources/app/out/vs/workbench/node/extensionHostProcess.js:96:599
    at e.fire (/opt/visual-studio-code/resources/app/out/vs/workbench/node/extensionHostProcess.js:97:917)
    at u (/opt/visual-studio-code/resources/app/out/vs/workbench/node/extensionHostProcess.js:159:721)
    at Socket.<anonymous> (/opt/visual-studio-code/resources/app/out/vs/workbench/node/extensionHostProcess.js:159:898)
    at emitOne (events.js:96:13)
    at Socket.emit (events.js:191:7)
    at readableAddChunk (_stream_readable.js:178:18)
    at Socket.Readable.push (_stream_readable.js:136:10)
    at Pipe.onread (net.js:560:20)
[2018-08-05 16:01:43.100] [renderer1] [error] Cannot read property 'opening' of null: TypeError: Cannot read property 'opening' of null
    at getClosingTag (/home/doit/.vscode/extensions/vincaslt.highlight-matching-tag-0.4.4/out/src/extension.js:61:35)
    at findClosingTag (/home/doit/.vscode/extensions/vincaslt.highlight-matching-tag-0.4.4/out/src/extension.js:67:46)
    at findCurrentTag (/home/doit/.vscode/extensions/vincaslt.highlight-matching-tag-0.4.4/out/src/extension.js:87:16)
    at vscode.window.onDidChangeTextEditorSelection (/home/doit/.vscode/extensions/vincaslt.highlight-matching-tag-0.4.4/out/src/extension.js:134:28)
    at e.fire (/opt/visual-studio-code/resources/app/out/vs/workbench/node/extensionHostProcess.js:97:917)
    at e.$acceptEditorPropertiesChanged (/opt/visual-studio-code/resources/app/out/vs/workbench/node/extensionHostProcess.js:758:723)
    at e._doInvokeHandler (/opt/visual-studio-code/resources/app/out/vs/workbench/node/extensionHostProcess.js:658:87)
    at e._invokeHandler (/opt/visual-studio-code/resources/app/out/vs/workbench/node/extensionHostProcess.js:657:779)
    at e._receiveRequest (/opt/visual-studio-code/resources/app/out/vs/workbench/node/extensionHostProcess.js:656:851)
    at e._receiveOneMessage (/opt/visual-studio-code/resources/app/out/vs/workbench/node/extensionHostProcess.js:656:620)
    at /opt/visual-studio-code/resources/app/out/vs/workbench/node/extensionHostProcess.js:655:544
    at /opt/visual-studio-code/resources/app/out/vs/workbench/node/extensionHostProcess.js:658:673
    at /opt/visual-studio-code/resources/app/out/vs/workbench/node/extensionHostProcess.js:96:599
    at e.fire (/opt/visual-studio-code/resources/app/out/vs/workbench/node/extensionHostProcess.js:97:917)
    at u (/opt/visual-studio-code/resources/app/out/vs/workbench/node/extensionHostProcess.js:159:721)
    at Socket.<anonymous> (/opt/visual-studio-code/resources/app/out/vs/workbench/node/extensionHostProcess.js:159:898)
    at emitOne (events.js:96:13)
    at Socket.emit (events.js:191:7)
    at readableAddChunk (_stream_readable.js:178:18)
    at Socket.Readable.push (_stream_readable.js:136:10)
    at Pipe.onread (net.js:560:20)
[2018-08-05 16:01:57.746] [renderer1] [error] Cannot read property 'opening' of null: TypeError: Cannot read property 'opening' of null
    at getClosingTag (/home/doit/.vscode/extensions/vincaslt.highlight-matching-tag-0.4.4/out/src/extension.js:61:35)
    at findClosingTag (/home/doit/.vscode/extensions/vincaslt.highlight-matching-tag-0.4.4/out/src/extension.js:67:46)
    at findCurrentTag (/home/doit/.vscode/extensions/vincaslt.highlight-matching-tag-0.4.4/out/src/extension.js:87:16)
    at vscode.window.onDidChangeTextEditorSelection (/home/doit/.vscode/extensions/vincaslt.highlight-matching-tag-0.4.4/out/src/extension.js:134:28)
    at e.fire (/opt/visual-studio-code/resources/app/out/vs/workbench/node/extensionHostProcess.js:97:917)
    at e.$acceptEditorPropertiesChanged (/opt/visual-studio-code/resources/app/out/vs/workbench/node/extensionHostProcess.js:758:723)
    at e._doInvokeHandler (/opt/visual-studio-code/resources/app/out/vs/workbench/node/extensionHostProcess.js:658:87)
    at e._invokeHandler (/opt/visual-studio-code/resources/app/out/vs/workbench/node/extensionHostProcess.js:657:779)
    at e._receiveRequest (/opt/visual-studio-code/resources/app/out/vs/workbench/node/extensionHostProcess.js:656:851)
    at e._receiveOneMessage (/opt/visual-studio-code/resources/app/out/vs/workbench/node/extensionHostProcess.js:656:620)
    at /opt/visual-studio-code/resources/app/out/vs/workbench/node/extensionHostProcess.js:655:544
    at /opt/visual-studio-code/resources/app/out/vs/workbench/node/extensionHostProcess.js:658:673
    at /opt/visual-studio-code/resources/app/out/vs/workbench/node/extensionHostProcess.js:96:599
    at e.fire (/opt/visual-studio-code/resources/app/out/vs/workbench/node/extensionHostProcess.js:97:917)
    at u (/opt/visual-studio-code/resources/app/out/vs/workbench/node/extensionHostProcess.js:159:721)
    at Socket.<anonymous> (/opt/visual-studio-code/resources/app/out/vs/workbench/node/extensionHostProcess.js:159:898)
    at emitOne (events.js:96:13)
    at Socket.emit (events.js:191:7)
    at readableAddChunk (_stream_readable.js:178:18)
    at Socket.Readable.push (_stream_readable.js:136:10)
    at Pipe.onread (net.js:560:20)
[2018-08-05 16:02:32.939] [renderer1] [error] Cannot read property 'opening' of null: TypeError: Cannot read property 'opening' of null
    at getClosingTag (/home/doit/.vscode/extensions/vincaslt.highlight-matching-tag-0.4.4/out/src/extension.js:61:35)
    at findClosingTag (/home/doit/.vscode/extensions/vincaslt.highlight-matching-tag-0.4.4/out/src/extension.js:67:46)
    at findCurrentTag (/home/doit/.vscode/extensions/vincaslt.highlight-matching-tag-0.4.4/out/src/extension.js:87:16)
    at vscode.window.onDidChangeTextEditorSelection (/home/doit/.vscode/extensions/vincaslt.highlight-matching-tag-0.4.4/out/src/extension.js:134:28)
    at e.fire (/opt/visual-studio-code/resources/app/out/vs/workbench/node/extensionHostProcess.js:97:917)
    at e.$acceptEditorPropertiesChanged (/opt/visual-studio-code/resources/app/out/vs/workbench/node/extensionHostProcess.js:758:723)
    at e._doInvokeHandler (/opt/visual-studio-code/resources/app/out/vs/workbench/node/extensionHostProcess.js:658:87)
    at e._invokeHandler (/opt/visual-studio-code/resources/app/out/vs/workbench/node/extensionHostProcess.js:657:779)
    at e._receiveRequest (/opt/visual-studio-code/resources/app/out/vs/workbench/node/extensionHostProcess.js:656:851)
    at e._receiveOneMessage (/opt/visual-studio-code/resources/app/out/vs/workbench/node/extensionHostProcess.js:656:620)
    at /opt/visual-studio-code/resources/app/out/vs/workbench/node/extensionHostProcess.js:655:544
    at /opt/visual-studio-code/resources/app/out/vs/workbench/node/extensionHostProcess.js:658:673
    at /opt/visual-studio-code/resources/app/out/vs/workbench/node/extensionHostProcess.js:96:599
    at e.fire (/opt/visual-studio-code/resources/app/out/vs/workbench/node/extensionHostProcess.js:97:917)
    at u (/opt/visual-studio-code/resources/app/out/vs/workbench/node/extensionHostProcess.js:159:721)
    at Socket.<anonymous> (/opt/visual-studio-code/resources/app/out/vs/workbench/node/extensionHostProcess.js:159:898)
    at emitOne (events.js:96:13)
    at Socket.emit (events.js:191:7)
    at readableAddChunk (_stream_readable.js:178:18)
    at Socket.Readable.push (_stream_readable.js:136:10)
    at Pipe.onread (net.js:560:20)
[2018-08-05 16:02:34.085] [renderer1] [error] Cannot read property 'opening' of null: TypeError: Cannot read property 'opening' of null
    at getClosingTag (/home/doit/.vscode/extensions/vincaslt.highlight-matching-tag-0.4.4/out/src/extension.js:61:35)
    at findClosingTag (/home/doit/.vscode/extensions/vincaslt.highlight-matching-tag-0.4.4/out/src/extension.js:67:46)
    at findCurrentTag (/home/doit/.vscode/extensions/vincaslt.highlight-matching-tag-0.4.4/out/src/extension.js:87:16)
    at vscode.window.onDidChangeTextEditorSelection (/home/doit/.vscode/extensions/vincaslt.highlight-matching-tag-0.4.4/out/src/extension.js:134:28)
    at e.fire (/opt/visual-studio-code/resources/app/out/vs/workbench/node/extensionHostProcess.js:97:917)
    at e.$acceptEditorPropertiesChanged (/opt/visual-studio-code/resources/app/out/vs/workbench/node/extensionHostProcess.js:758:723)
    at e._doInvokeHandler (/opt/visual-studio-code/resources/app/out/vs/workbench/node/extensionHostProcess.js:658:87)
    at e._invokeHandler (/opt/visual-studio-code/resources/app/out/vs/workbench/node/extensionHostProcess.js:657:779)
    at e._receiveRequest (/opt/visual-studio-code/resources/app/out/vs/workbench/node/extensionHostProcess.js:656:851)
    at e._receiveOneMessage (/opt/visual-studio-code/resources/app/out/vs/workbench/node/extensionHostProcess.js:656:620)
    at /opt/visual-studio-code/resources/app/out/vs/workbench/node/extensionHostProcess.js:655:544
    at /opt/visual-studio-code/resources/app/out/vs/workbench/node/extensionHostProcess.js:658:673
    at /opt/visual-studio-code/resources/app/out/vs/workbench/node/extensionHostProcess.js:96:599
    at e.fire (/opt/visual-studio-code/resources/app/out/vs/workbench/node/extensionHostProcess.js:97:917)
    at u (/opt/visual-studio-code/resources/app/out/vs/workbench/node/extensionHostProcess.js:159:721)
    at Socket.<anonymous> (/opt/visual-studio-code/resources/app/out/vs/workbench/node/extensionHostProcess.js:159:898)
    at emitOne (events.js:96:13)
    at Socket.emit (events.js:191:7)
    at readableAddChunk (_stream_readable.js:178:18)
    at Socket.Readable.push (_stream_readable.js:136:10)
    at Pipe.onread (net.js:560:20)
[2018-08-05 16:02:36.210] [renderer1] [error] Cannot read property 'opening' of null: TypeError: Cannot read property 'opening' of null
    at getClosingTag (/home/doit/.vscode/extensions/vincaslt.highlight-matching-tag-0.4.4/out/src/extension.js:61:35)
    at findClosingTag (/home/doit/.vscode/extensions/vincaslt.highlight-matching-tag-0.4.4/out/src/extension.js:67:46)
    at findCurrentTag (/home/doit/.vscode/extensions/vincaslt.highlight-matching-tag-0.4.4/out/src/extension.js:87:16)
    at vscode.window.onDidChangeTextEditorSelection (/home/doit/.vscode/extensions/vincaslt.highlight-matching-tag-0.4.4/out/src/extension.js:134:28)
    at e.fire (/opt/visual-studio-code/resources/app/out/vs/workbench/node/extensionHostProcess.js:97:917)
    at e.$acceptEditorPropertiesChanged (/opt/visual-studio-code/resources/app/out/vs/workbench/node/extensionHostProcess.js:758:723)
    at e._doInvokeHandler (/opt/visual-studio-code/resources/app/out/vs/workbench/node/extensionHostProcess.js:658:87)
    at e._invokeHandler (/opt/visual-studio-code/resources/app/out/vs/workbench/node/extensionHostProcess.js:657:779)
    at e._receiveRequest (/opt/visual-studio-code/resources/app/out/vs/workbench/node/extensionHostProcess.js:656:851)
    at e._receiveOneMessage (/opt/visual-studio-code/resources/app/out/vs/workbench/node/extensionHostProcess.js:656:620)
    at /opt/visual-studio-code/resources/app/out/vs/workbench/node/extensionHostProcess.js:655:544
    at /opt/visual-studio-code/resources/app/out/vs/workbench/node/extensionHostProcess.js:658:673
    at /opt/visual-studio-code/resources/app/out/vs/workbench/node/extensionHostProcess.js:96:599
    at e.fire (/opt/visual-studio-code/resources/app/out/vs/workbench/node/extensionHostProcess.js:97:917)
    at u (/opt/visual-studio-code/resources/app/out/vs/workbench/node/extensionHostProcess.js:159:721)
    at Socket.<anonymous> (/opt/visual-studio-code/resources/app/out/vs/workbench/node/extensionHostProcess.js:159:898)
    at emitOne (events.js:96:13)
    at Socket.emit (events.js:191:7)
    at readableAddChunk (_stream_readable.js:178:18)
    at Socket.Readable.push (_stream_readable.js:136:10)
    at Pipe.onread (net.js:560:20)
[2018-08-05 16:02:39.603] [renderer1] [error] Cannot read property 'opening' of null: TypeError: Cannot read property 'opening' of null
    at getClosingTag (/home/doit/.vscode/extensions/vincaslt.highlight-matching-tag-0.4.4/out/src/extension.js:61:35)
    at findClosingTag (/home/doit/.vscode/extensions/vincaslt.highlight-matching-tag-0.4.4/out/src/extension.js:67:46)
    at findCurrentTag (/home/doit/.vscode/extensions/vincaslt.highlight-matching-tag-0.4.4/out/src/extension.js:87:16)
    at vscode.window.onDidChangeTextEditorSelection (/home/doit/.vscode/extensions/vincaslt.highlight-matching-tag-0.4.4/out/src/extension.js:134:28)
    at e.fire (/opt/visual-studio-code/resources/app/out/vs/workbench/node/extensionHostProcess.js:97:917)
    at e.$acceptEditorPropertiesChanged (/opt/visual-studio-code/resources/app/out/vs/workbench/node/extensionHostProcess.js:758:723)
    at e._doInvokeHandler (/opt/visual-studio-code/resources/app/out/vs/workbench/node/extensionHostProcess.js:658:87)
    at e._invokeHandler (/opt/visual-studio-code/resources/app/out/vs/workbench/node/extensionHostProcess.js:657:779)
    at e._receiveRequest (/opt/visual-studio-code/resources/app/out/vs/workbench/node/extensionHostProcess.js:656:851)
    at e._receiveOneMessage (/opt/visual-studio-code/resources/app/out/vs/workbench/node/extensionHostProcess.js:656:620)
    at /opt/visual-studio-code/resources/app/out/vs/workbench/node/extensionHostProcess.js:655:544
    at /opt/visual-studio-code/resources/app/out/vs/workbench/node/extensionHostProcess.js:658:673
    at /opt/visual-studio-code/resources/app/out/vs/workbench/node/extensionHostProcess.js:96:599
    at e.fire (/opt/visual-studio-code/resources/app/out/vs/workbench/node/extensionHostProcess.js:97:917)
    at u (/opt/visual-studio-code/resources/app/out/vs/workbench/node/extensionHostProcess.js:159:721)
    at Socket.<anonymous> (/opt/visual-studio-code/resources/app/out/vs/workbench/node/extensionHostProcess.js:159:898)
    at emitOne (events.js:96:13)
    at Socket.emit (events.js:191:7)
    at readableAddChunk (_stream_readable.js:178:18)
    at Socket.Readable.push (_stream_readable.js:136:10)
    at Pipe.onread (net.js:560:20)
[2018-08-05 16:02:40.646] [renderer1] [error] Cannot read property 'opening' of null: TypeError: Cannot read property 'opening' of null
    at getClosingTag (/home/doit/.vscode/extensions/vincaslt.highlight-matching-tag-0.4.4/out/src/extension.js:61:35)
    at findClosingTag (/home/doit/.vscode/extensions/vincaslt.highlight-matching-tag-0.4.4/out/src/extension.js:67:46)
    at findCurrentTag (/home/doit/.vscode/extensions/vincaslt.highlight-matching-tag-0.4.4/out/src/extension.js:87:16)
    at vscode.window.onDidChangeTextEditorSelection (/home/doit/.vscode/extensions/vincaslt.highlight-matching-tag-0.4.4/out/src/extension.js:134:28)
    at e.fire (/opt/visual-studio-code/resources/app/out/vs/workbench/node/extensionHostProcess.js:97:917)
    at e.$acceptEditorPropertiesChanged (/opt/visual-studio-code/resources/app/out/vs/workbench/node/extensionHostProcess.js:758:723)
    at e._doInvokeHandler (/opt/visual-studio-code/resources/app/out/vs/workbench/node/extensionHostProcess.js:658:87)
    at e._invokeHandler (/opt/visual-studio-code/resources/app/out/vs/workbench/node/extensionHostProcess.js:657:779)
    at e._receiveRequest (/opt/visual-studio-code/resources/app/out/vs/workbench/node/extensionHostProcess.js:656:851)
    at e._receiveOneMessage (/opt/visual-studio-code/resources/app/out/vs/workbench/node/extensionHostProcess.js:656:620)
    at /opt/visual-studio-code/resources/app/out/vs/workbench/node/extensionHostProcess.js:655:544
    at /opt/visual-studio-code/resources/app/out/vs/workbench/node/extensionHostProcess.js:658:673
    at /opt/visual-studio-code/resources/app/out/vs/workbench/node/extensionHostProcess.js:96:599
    at e.fire (/opt/visual-studio-code/resources/app/out/vs/workbench/node/extensionHostProcess.js:97:917)
    at u (/opt/visual-studio-code/resources/app/out/vs/workbench/node/extensionHostProcess.js:159:721)
    at Socket.<anonymous> (/opt/visual-studio-code/resources/app/out/vs/workbench/node/extensionHostProcess.js:159:898)
    at emitOne (events.js:96:13)
    at Socket.emit (events.js:191:7)
    at readableAddChunk (_stream_readable.js:178:18)
    at Socket.Readable.push (_stream_readable.js:136:10)
    at Pipe.onread (net.js:560:20)
[2018-08-05 16:02:41.946] [renderer1] [error] Cannot read property 'opening' of null: TypeError: Cannot read property 'opening' of null
    at getClosingTag (/home/doit/.vscode/extensions/vincaslt.highlight-matching-tag-0.4.4/out/src/extension.js:61:35)
    at findClosingTag (/home/doit/.vscode/extensions/vincaslt.highlight-matching-tag-0.4.4/out/src/extension.js:67:46)
    at findCurrentTag (/home/doit/.vscode/extensions/vincaslt.highlight-matching-tag-0.4.4/out/src/extension.js:87:16)
    at vscode.window.onDidChangeTextEditorSelection (/home/doit/.vscode/extensions/vincaslt.highlight-matching-tag-0.4.4/out/src/extension.js:134:28)
    at e.fire (/opt/visual-studio-code/resources/app/out/vs/workbench/node/extensionHostProcess.js:97:917)
    at e.$acceptEditorPropertiesChanged (/opt/visual-studio-code/resources/app/out/vs/workbench/node/extensionHostProcess.js:758:723)
    at e._doInvokeHandler (/opt/visual-studio-code/resources/app/out/vs/workbench/node/extensionHostProcess.js:658:87)
    at e._invokeHandler (/opt/visual-studio-code/resources/app/out/vs/workbench/node/extensionHostProcess.js:657:779)
    at e._receiveRequest (/opt/visual-studio-code/resources/app/out/vs/workbench/node/extensionHostProcess.js:656:851)
    at e._receiveOneMessage (/opt/visual-studio-code/resources/app/out/vs/workbench/node/extensionHostProcess.js:656:620)
    at /opt/visual-studio-code/resources/app/out/vs/workbench/node/extensionHostProcess.js:655:544
    at /opt/visual-studio-code/resources/app/out/vs/workbench/node/extensionHostProcess.js:658:673
    at /opt/visual-studio-code/resources/app/out/vs/workbench/node/extensionHostProcess.js:96:599
    at e.fire (/opt/visual-studio-code/resources/app/out/vs/workbench/node/extensionHostProcess.js:97:917)
    at u (/opt/visual-studio-code/resources/app/out/vs/workbench/node/extensionHostProcess.js:159:721)
    at Socket.<anonymous> (/opt/visual-studio-code/resources/app/out/vs/workbench/node/extensionHostProcess.js:159:898)
    at emitOne (events.js:96:13)
    at Socket.emit (events.js:191:7)
    at readableAddChunk (_stream_readable.js:178:18)
    at Socket.Readable.push (_stream_readable.js:136:10)
    at Pipe.onread (net.js:560:20)
[2018-08-05 16:02:43.096] [renderer1] [error] Cannot read property 'opening' of null: TypeError: Cannot read property 'opening' of null
    at getClosingTag (/home/doit/.vscode/extensions/vincaslt.highlight-matching-tag-0.4.4/out/src/extension.js:61:35)
    at findClosingTag (/home/doit/.vscode/extensions/vincaslt.highlight-matching-tag-0.4.4/out/src/extension.js:67:46)
    at findCurrentTag (/home/doit/.vscode/extensions/vincaslt.highlight-matching-tag-0.4.4/out/src/extension.js:87:16)
    at vscode.window.onDidChangeTextEditorSelection (/home/doit/.vscode/extensions/vincaslt.highlight-matching-tag-0.4.4/out/src/extension.js:134:28)
    at e.fire (/opt/visual-studio-code/resources/app/out/vs/workbench/node/extensionHostProcess.js:97:917)
    at e.$acceptEditorPropertiesChanged (/opt/visual-studio-code/resources/app/out/vs/workbench/node/extensionHostProcess.js:758:723)
    at e._doInvokeHandler (/opt/visual-studio-code/resources/app/out/vs/workbench/node/extensionHostProcess.js:658:87)
    at e._invokeHandler (/opt/visual-studio-code/resources/app/out/vs/workbench/node/extensionHostProcess.js:657:779)
    at e._receiveRequest (/opt/visual-studio-code/resources/app/out/vs/workbench/node/extensionHostProcess.js:656:851)
    at e._receiveOneMessage (/opt/visual-studio-code/resources/app/out/vs/workbench/node/extensionHostProcess.js:656:620)
    at /opt/visual-studio-code/resources/app/out/vs/workbench/node/extensionHostProcess.js:655:544
    at /opt/visual-studio-code/resources/app/out/vs/workbench/node/extensionHostProcess.js:658:673
    at /opt/visual-studio-code/resources/app/out/vs/workbench/node/extensionHostProcess.js:96:599
    at e.fire (/opt/visual-studio-code/resources/app/out/vs/workbench/node/extensionHostProcess.js:97:917)
    at u (/opt/visual-studio-code/resources/app/out/vs/workbench/node/extensionHostProcess.js:159:721)
    at Socket.<anonymous> (/opt/visual-studio-code/resources/app/out/vs/workbench/node/extensionHostProcess.js:159:898)
    at emitOne (events.js:96:13)
    at Socket.emit (events.js:191:7)
    at readableAddChunk (_stream_readable.js:178:18)
    at Socket.Readable.push (_stream_readable.js:136:10)
    at Pipe.onread (net.js:560:20)
[2018-08-05 16:08:55.464] [renderer1] [error] Cannot read property 'opening' of null: TypeError: Cannot read property 'opening' of null
    at getClosingTag (/home/doit/.vscode/extensions/vincaslt.highlight-matching-tag-0.4.4/out/src/extension.js:61:35)
    at findClosingTag (/home/doit/.vscode/extensions/vincaslt.highlight-matching-tag-0.4.4/out/src/extension.js:67:46)
    at findCurrentTag (/home/doit/.vscode/extensions/vincaslt.highlight-matching-tag-0.4.4/out/src/extension.js:87:16)
    at vscode.window.onDidChangeTextEditorSelection (/home/doit/.vscode/extensions/vincaslt.highlight-matching-tag-0.4.4/out/src/extension.js:134:28)
    at e.fire (/opt/visual-studio-code/resources/app/out/vs/workbench/node/extensionHostProcess.js:97:917)
    at e.$acceptEditorPropertiesChanged (/opt/visual-studio-code/resources/app/out/vs/workbench/node/extensionHostProcess.js:758:723)
    at e._doInvokeHandler (/opt/visual-studio-code/resources/app/out/vs/workbench/node/extensionHostProcess.js:658:87)
    at e._invokeHandler (/opt/visual-studio-code/resources/app/out/vs/workbench/node/extensionHostProcess.js:657:779)
    at e._receiveRequest (/opt/visual-studio-code/resources/app/out/vs/workbench/node/extensionHostProcess.js:656:851)
    at e._receiveOneMessage (/opt/visual-studio-code/resources/app/out/vs/workbench/node/extensionHostProcess.js:656:620)
    at /opt/visual-studio-code/resources/app/out/vs/workbench/node/extensionHostProcess.js:655:544
    at /opt/visual-studio-code/resources/app/out/vs/workbench/node/extensionHostProcess.js:658:673
    at /opt/visual-studio-code/resources/app/out/vs/workbench/node/extensionHostProcess.js:96:599
    at e.fire (/opt/visual-studio-code/resources/app/out/vs/workbench/node/extensionHostProcess.js:97:917)
    at u (/opt/visual-studio-code/resources/app/out/vs/workbench/node/extensionHostProcess.js:159:721)
    at Socket.<anonymous> (/opt/visual-studio-code/resources/app/out/vs/workbench/node/extensionHostProcess.js:159:898)
    at emitOne (events.js:96:13)
    at Socket.emit (events.js:191:7)
    at readableAddChunk (_stream_readable.js:178:18)
    at Socket.Readable.push (_stream_readable.js:136:10)
    at Pipe.onread (net.js:560:20)
[2018-08-05 16:11:33.522] [renderer1] [error] Cannot read property 'opening' of null: TypeError: Cannot read property 'opening' of null
    at getClosingTag (/home/doit/.vscode/extensions/vincaslt.highlight-matching-tag-0.4.4/out/src/extension.js:61:35)
    at findClosingTag (/home/doit/.vscode/extensions/vincaslt.highlight-matching-tag-0.4.4/out/src/extension.js:67:46)
    at findCurrentTag (/home/doit/.vscode/extensions/vincaslt.highlight-matching-tag-0.4.4/out/src/extension.js:87:16)
    at vscode.window.onDidChangeTextEditorSelection (/home/doit/.vscode/extensions/vincaslt.highlight-matching-tag-0.4.4/out/src/extension.js:134:28)
    at e.fire (/opt/visual-studio-code/resources/app/out/vs/workbench/node/extensionHostProcess.js:97:917)
    at e.$acceptEditorPropertiesChanged (/opt/visual-studio-code/resources/app/out/vs/workbench/node/extensionHostProcess.js:758:723)
    at e._doInvokeHandler (/opt/visual-studio-code/resources/app/out/vs/workbench/node/extensionHostProcess.js:658:87)
    at e._invokeHandler (/opt/visual-studio-code/resources/app/out/vs/workbench/node/extensionHostProcess.js:657:779)
    at e._receiveRequest (/opt/visual-studio-code/resources/app/out/vs/workbench/node/extensionHostProcess.js:656:851)
    at e._receiveOneMessage (/opt/visual-studio-code/resources/app/out/vs/workbench/node/extensionHostProcess.js:656:620)
    at /opt/visual-studio-code/resources/app/out/vs/workbench/node/extensionHostProcess.js:655:544
    at /opt/visual-studio-code/resources/app/out/vs/workbench/node/extensionHostProcess.js:658:673
    at /opt/visual-studio-code/resources/app/out/vs/workbench/node/extensionHostProcess.js:96:599
    at e.fire (/opt/visual-studio-code/resources/app/out/vs/workbench/node/extensionHostProcess.js:97:917)
    at u (/opt/visual-studio-code/resources/app/out/vs/workbench/node/extensionHostProcess.js:159:721)
    at Socket.<anonymous> (/opt/visual-studio-code/resources/app/out/vs/workbench/node/extensionHostProcess.js:159:898)
    at emitOne (events.js:96:13)
    at Socket.emit (events.js:191:7)
    at readableAddChunk (_stream_readable.js:178:18)
    at Socket.Readable.push (_stream_readable.js:136:10)
    at Pipe.onread (net.js:560:20)
[2018-08-05 16:11:35.017] [renderer1] [error] Cannot read property 'opening' of null: TypeError: Cannot read property 'opening' of null
    at getClosingTag (/home/doit/.vscode/extensions/vincaslt.highlight-matching-tag-0.4.4/out/src/extension.js:61:35)
    at findClosingTag (/home/doit/.vscode/extensions/vincaslt.highlight-matching-tag-0.4.4/out/src/extension.js:67:46)
    at findCurrentTag (/home/doit/.vscode/extensions/vincaslt.highlight-matching-tag-0.4.4/out/src/extension.js:87:16)
    at vscode.window.onDidChangeTextEditorSelection (/home/doit/.vscode/extensions/vincaslt.highlight-matching-tag-0.4.4/out/src/extension.js:134:28)
    at e.fire (/opt/visual-studio-code/resources/app/out/vs/workbench/node/extensionHostProcess.js:97:917)
    at e.$acceptEditorPropertiesChanged (/opt/visual-studio-code/resources/app/out/vs/workbench/node/extensionHostProcess.js:758:723)
    at e._doInvokeHandler (/opt/visual-studio-code/resources/app/out/vs/workbench/node/extensionHostProcess.js:658:87)
    at e._invokeHandler (/opt/visual-studio-code/resources/app/out/vs/workbench/node/extensionHostProcess.js:657:779)
    at e._receiveRequest (/opt/visual-studio-code/resources/app/out/vs/workbench/node/extensionHostProcess.js:656:851)
    at e._receiveOneMessage (/opt/visual-studio-code/resources/app/out/vs/workbench/node/extensionHostProcess.js:656:620)
    at /opt/visual-studio-code/resources/app/out/vs/workbench/node/extensionHostProcess.js:655:544
    at /opt/visual-studio-code/resources/app/out/vs/workbench/node/extensionHostProcess.js:658:673
    at /opt/visual-studio-code/resources/app/out/vs/workbench/node/extensionHostProcess.js:96:599
    at e.fire (/opt/visual-studio-code/resources/app/out/vs/workbench/node/extensionHostProcess.js:97:917)
    at u (/opt/visual-studio-code/resources/app/out/vs/workbench/node/extensionHostProcess.js:159:721)
    at Socket.<anonymous> (/opt/visual-studio-code/resources/app/out/vs/workbench/node/extensionHostProcess.js:159:898)
    at emitOne (events.js:96:13)
    at Socket.emit (events.js:191:7)
    at readableAddChunk (_stream_readable.js:178:18)
    at Socket.Readable.push (_stream_readable.js:136:10)
    at Pipe.onread (net.js:560:20)
[2018-08-05 16:11:50.059] [renderer1] [error] Cannot read property 'opening' of null: TypeError: Cannot read property 'opening' of null
    at getClosingTag (/home/doit/.vscode/extensions/vincaslt.highlight-matching-tag-0.4.4/out/src/extension.js:61:35)
    at findClosingTag (/home/doit/.vscode/extensions/vincaslt.highlight-matching-tag-0.4.4/out/src/extension.js:67:46)
    at findCurrentTag (/home/doit/.vscode/extensions/vincaslt.highlight-matching-tag-0.4.4/out/src/extension.js:87:16)
    at vscode.window.onDidChangeTextEditorSelection (/home/doit/.vscode/extensions/vincaslt.highlight-matching-tag-0.4.4/out/src/extension.js:134:28)
    at e.fire (/opt/visual-studio-code/resources/app/out/vs/workbench/node/extensionHostProcess.js:97:917)
    at e.$acceptEditorPropertiesChanged (/opt/visual-studio-code/resources/app/out/vs/workbench/node/extensionHostProcess.js:758:723)
    at e._doInvokeHandler (/opt/visual-studio-code/resources/app/out/vs/workbench/node/extensionHostProcess.js:658:87)
    at e._invokeHandler (/opt/visual-studio-code/resources/app/out/vs/workbench/node/extensionHostProcess.js:657:779)
    at e._receiveRequest (/opt/visual-studio-code/resources/app/out/vs/workbench/node/extensionHostProcess.js:656:851)
    at e._receiveOneMessage (/opt/visual-studio-code/resources/app/out/vs/workbench/node/extensionHostProcess.js:656:620)
    at /opt/visual-studio-code/resources/app/out/vs/workbench/node/extensionHostProcess.js:655:544
    at /opt/visual-studio-code/resources/app/out/vs/workbench/node/extensionHostProcess.js:658:673
    at /opt/visual-studio-code/resources/app/out/vs/workbench/node/extensionHostProcess.js:96:599
    at e.fire (/opt/visual-studio-code/resources/app/out/vs/workbench/node/extensionHostProcess.js:97:917)
    at u (/opt/visual-studio-code/resources/app/out/vs/workbench/node/extensionHostProcess.js:159:721)
    at Socket.<anonymous> (/opt/visual-studio-code/resources/app/out/vs/workbench/node/extensionHostProcess.js:159:898)
    at emitOne (events.js:96:13)
    at Socket.emit (events.js:191:7)
    at readableAddChunk (_stream_readable.js:178:18)
    at Socket.Readable.push (_stream_readable.js:136:10)
    at Pipe.onread (net.js:560:20)
[2018-08-05 16:16:35.927] [renderer1] [error] Cannot read property 'opening' of null: TypeError: Cannot read property 'opening' of null
    at getClosingTag (/home/doit/.vscode/extensions/vincaslt.highlight-matching-tag-0.4.4/out/src/extension.js:61:35)
    at findClosingTag (/home/doit/.vscode/extensions/vincaslt.highlight-matching-tag-0.4.4/out/src/extension.js:67:46)
    at findCurrentTag (/home/doit/.vscode/extensions/vincaslt.highlight-matching-tag-0.4.4/out/src/extension.js:87:16)
    at vscode.window.onDidChangeTextEditorSelection (/home/doit/.vscode/extensions/vincaslt.highlight-matching-tag-0.4.4/out/src/extension.js:134:28)
    at e.fire (/opt/visual-studio-code/resources/app/out/vs/workbench/node/extensionHostProcess.js:97:917)
    at e.$acceptEditorPropertiesChanged (/opt/visual-studio-code/resources/app/out/vs/workbench/node/extensionHostProcess.js:758:723)
    at e._doInvokeHandler (/opt/visual-studio-code/resources/app/out/vs/workbench/node/extensionHostProcess.js:658:87)
    at e._invokeHandler (/opt/visual-studio-code/resources/app/out/vs/workbench/node/extensionHostProcess.js:657:779)
    at e._receiveRequest (/opt/visual-studio-code/resources/app/out/vs/workbench/node/extensionHostProcess.js:656:851)
    at e._receiveOneMessage (/opt/visual-studio-code/resources/app/out/vs/workbench/node/extensionHostProcess.js:656:620)
    at /opt/visual-studio-code/resources/app/out/vs/workbench/node/extensionHostProcess.js:655:544
    at /opt/visual-studio-code/resources/app/out/vs/workbench/node/extensionHostProcess.js:658:673
    at /opt/visual-studio-code/resources/app/out/vs/workbench/node/extensionHostProcess.js:96:599
    at e.fire (/opt/visual-studio-code/resources/app/out/vs/workbench/node/extensionHostProcess.js:97:917)
    at u (/opt/visual-studio-code/resources/app/out/vs/workbench/node/extensionHostProcess.js:159:721)
    at Socket.<anonymous> (/opt/visual-studio-code/resources/app/out/vs/workbench/node/extensionHostProcess.js:159:898)
    at emitOne (events.js:96:13)
    at Socket.emit (events.js:191:7)
    at readableAddChunk (_stream_readable.js:178:18)
    at Socket.Readable.push (_stream_readable.js:136:10)
    at Pipe.onread (net.js:560:20)
[2018-08-05 16:16:46.042] [renderer1] [error] Cannot read property 'opening' of null: TypeError: Cannot read property 'opening' of null
    at getClosingTag (/home/doit/.vscode/extensions/vincaslt.highlight-matching-tag-0.4.4/out/src/extension.js:61:35)
    at findClosingTag (/home/doit/.vscode/extensions/vincaslt.highlight-matching-tag-0.4.4/out/src/extension.js:67:46)
    at findCurrentTag (/home/doit/.vscode/extensions/vincaslt.highlight-matching-tag-0.4.4/out/src/extension.js:87:16)
    at vscode.window.onDidChangeTextEditorSelection (/home/doit/.vscode/extensions/vincaslt.highlight-matching-tag-0.4.4/out/src/extension.js:134:28)
    at e.fire (/opt/visual-studio-code/resources/app/out/vs/workbench/node/extensionHostProcess.js:97:917)
    at e.$acceptEditorPropertiesChanged (/opt/visual-studio-code/resources/app/out/vs/workbench/node/extensionHostProcess.js:758:723)
    at e._doInvokeHandler (/opt/visual-studio-code/resources/app/out/vs/workbench/node/extensionHostProcess.js:658:87)
    at e._invokeHandler (/opt/visual-studio-code/resources/app/out/vs/workbench/node/extensionHostProcess.js:657:779)
    at e._receiveRequest (/opt/visual-studio-code/resources/app/out/vs/workbench/node/extensionHostProcess.js:656:851)
    at e._receiveOneMessage (/opt/visual-studio-code/resources/app/out/vs/workbench/node/extensionHostProcess.js:656:620)
    at /opt/visual-studio-code/resources/app/out/vs/workbench/node/extensionHostProcess.js:655:544
    at /opt/visual-studio-code/resources/app/out/vs/workbench/node/extensionHostProcess.js:658:673
    at /opt/visual-studio-code/resources/app/out/vs/workbench/node/extensionHostProcess.js:96:599
    at e.fire (/opt/visual-studio-code/resources/app/out/vs/workbench/node/extensionHostProcess.js:97:917)
    at u (/opt/visual-studio-code/resources/app/out/vs/workbench/node/extensionHostProcess.js:159:721)
    at Socket.<anonymous> (/opt/visual-studio-code/resources/app/out/vs/workbench/node/extensionHostProcess.js:159:898)
    at emitOne (events.js:96:13)
    at Socket.emit (events.js:191:7)
    at readableAddChunk (_stream_readable.js:178:18)
    at Socket.Readable.push (_stream_readable.js:136:10)
    at Pipe.onread (net.js:560:20)
[2018-08-05 16:17:43.169] [renderer1] [error] Cannot read property 'opening' of null: TypeError: Cannot read property 'opening' of null
    at getClosingTag (/home/doit/.vscode/extensions/vincaslt.highlight-matching-tag-0.4.4/out/src/extension.js:61:35)
    at findClosingTag (/home/doit/.vscode/extensions/vincaslt.highlight-matching-tag-0.4.4/out/src/extension.js:67:46)
    at findCurrentTag (/home/doit/.vscode/extensions/vincaslt.highlight-matching-tag-0.4.4/out/src/extension.js:87:16)
    at vscode.window.onDidChangeTextEditorSelection (/home/doit/.vscode/extensions/vincaslt.highlight-matching-tag-0.4.4/out/src/extension.js:134:28)
    at e.fire (/opt/visual-studio-code/resources/app/out/vs/workbench/node/extensionHostProcess.js:97:917)
    at e.$acceptEditorPropertiesChanged (/opt/visual-studio-code/resources/app/out/vs/workbench/node/extensionHostProcess.js:758:723)
    at e._doInvokeHandler (/opt/visual-studio-code/resources/app/out/vs/workbench/node/extensionHostProcess.js:658:87)
    at e._invokeHandler (/opt/visual-studio-code/resources/app/out/vs/workbench/node/extensionHostProcess.js:657:779)
    at e._receiveRequest (/opt/visual-studio-code/resources/app/out/vs/workbench/node/extensionHostProcess.js:656:851)
    at e._receiveOneMessage (/opt/visual-studio-code/resources/app/out/vs/workbench/node/extensionHostProcess.js:656:620)
    at /opt/visual-studio-code/resources/app/out/vs/workbench/node/extensionHostProcess.js:655:544
    at /opt/visual-studio-code/resources/app/out/vs/workbench/node/extensionHostProcess.js:658:673
    at /opt/visual-studio-code/resources/app/out/vs/workbench/node/extensionHostProcess.js:96:599
    at e.fire (/opt/visual-studio-code/resources/app/out/vs/workbench/node/extensionHostProcess.js:97:917)
    at u (/opt/visual-studio-code/resources/app/out/vs/workbench/node/extensionHostProcess.js:159:721)
    at Socket.<anonymous> (/opt/visual-studio-code/resources/app/out/vs/workbench/node/extensionHostProcess.js:159:898)
    at emitOne (events.js:96:13)
    at Socket.emit (events.js:191:7)
    at readableAddChunk (_stream_readable.js:178:18)
    at Socket.Readable.push (_stream_readable.js:136:10)
    at Pipe.onread (net.js:560:20)
[2018-08-05 16:17:45.734] [renderer1] [error] Cannot read property 'opening' of null: TypeError: Cannot read property 'opening' of null
    at getClosingTag (/home/doit/.vscode/extensions/vincaslt.highlight-matching-tag-0.4.4/out/src/extension.js:61:35)
    at findClosingTag (/home/doit/.vscode/extensions/vincaslt.highlight-matching-tag-0.4.4/out/src/extension.js:67:46)
    at findCurrentTag (/home/doit/.vscode/extensions/vincaslt.highlight-matching-tag-0.4.4/out/src/extension.js:87:16)
    at vscode.window.onDidChangeTextEditorSelection (/home/doit/.vscode/extensions/vincaslt.highlight-matching-tag-0.4.4/out/src/extension.js:134:28)
    at e.fire (/opt/visual-studio-code/resources/app/out/vs/workbench/node/extensionHostProcess.js:97:917)
    at e.$acceptEditorPropertiesChanged (/opt/visual-studio-code/resources/app/out/vs/workbench/node/extensionHostProcess.js:758:723)
    at e._doInvokeHandler (/opt/visual-studio-code/resources/app/out/vs/workbench/node/extensionHostProcess.js:658:87)
    at e._invokeHandler (/opt/visual-studio-code/resources/app/out/vs/workbench/node/extensionHostProcess.js:657:779)
    at e._receiveRequest (/opt/visual-studio-code/resources/app/out/vs/workbench/node/extensionHostProcess.js:656:851)
    at e._receiveOneMessage (/opt/visual-studio-code/resources/app/out/vs/workbench/node/extensionHostProcess.js:656:620)
    at /opt/visual-studio-code/resources/app/out/vs/workbench/node/extensionHostProcess.js:655:544
    at /opt/visual-studio-code/resources/app/out/vs/workbench/node/extensionHostProcess.js:658:673
    at /opt/visual-studio-code/resources/app/out/vs/workbench/node/extensionHostProcess.js:96:599
    at e.fire (/opt/visual-studio-code/resources/app/out/vs/workbench/node/extensionHostProcess.js:97:917)
    at u (/opt/visual-studio-code/resources/app/out/vs/workbench/node/extensionHostProcess.js:159:721)
    at Socket.<anonymous> (/opt/visual-studio-code/resources/app/out/vs/workbench/node/extensionHostProcess.js:159:898)
    at emitOne (events.js:96:13)
    at Socket.emit (events.js:191:7)
    at readableAddChunk (_stream_readable.js:178:18)
    at Socket.Readable.push (_stream_readable.js:136:10)
    at Pipe.onread (net.js:560:20)
[2018-08-05 16:17:49.752] [renderer1] [error] Cannot read property 'opening' of null: TypeError: Cannot read property 'opening' of null
    at getClosingTag (/home/doit/.vscode/extensions/vincaslt.highlight-matching-tag-0.4.4/out/src/extension.js:61:35)
    at findClosingTag (/home/doit/.vscode/extensions/vincaslt.highlight-matching-tag-0.4.4/out/src/extension.js:67:46)
    at findCurrentTag (/home/doit/.vscode/extensions/vincaslt.highlight-matching-tag-0.4.4/out/src/extension.js:87:16)
    at vscode.window.onDidChangeTextEditorSelection (/home/doit/.vscode/extensions/vincaslt.highlight-matching-tag-0.4.4/out/src/extension.js:134:28)
    at e.fire (/opt/visual-studio-code/resources/app/out/vs/workbench/node/extensionHostProcess.js:97:917)
    at e.$acceptEditorPropertiesChanged (/opt/visual-studio-code/resources/app/out/vs/workbench/node/extensionHostProcess.js:758:723)
    at e._doInvokeHandler (/opt/visual-studio-code/resources/app/out/vs/workbench/node/extensionHostProcess.js:658:87)
    at e._invokeHandler (/opt/visual-studio-code/resources/app/out/vs/workbench/node/extensionHostProcess.js:657:779)
    at e._receiveRequest (/opt/visual-studio-code/resources/app/out/vs/workbench/node/extensionHostProcess.js:656:851)
    at e._receiveOneMessage (/opt/visual-studio-code/resources/app/out/vs/workbench/node/extensionHostProcess.js:656:620)
    at /opt/visual-studio-code/resources/app/out/vs/workbench/node/extensionHostProcess.js:655:544
    at /opt/visual-studio-code/resources/app/out/vs/workbench/node/extensionHostProcess.js:658:673
    at /opt/visual-studio-code/resources/app/out/vs/workbench/node/extensionHostProcess.js:96:599
    at e.fire (/opt/visual-studio-code/resources/app/out/vs/workbench/node/extensionHostProcess.js:97:917)
    at u (/opt/visual-studio-code/resources/app/out/vs/workbench/node/extensionHostProcess.js:159:721)
    at Socket.<anonymous> (/opt/visual-studio-code/resources/app/out/vs/workbench/node/extensionHostProcess.js:159:898)
    at emitOne (events.js:96:13)
    at Socket.emit (events.js:191:7)
    at readableAddChunk (_stream_readable.js:178:18)
    at Socket.Readable.push (_stream_readable.js:136:10)
    at Pipe.onread (net.js:560:20)
[2018-08-05 16:17:50.960] [renderer1] [error] Cannot read property 'opening' of null: TypeError: Cannot read property 'opening' of null
    at getClosingTag (/home/doit/.vscode/extensions/vincaslt.highlight-matching-tag-0.4.4/out/src/extension.js:61:35)
    at findClosingTag (/home/doit/.vscode/extensions/vincaslt.highlight-matching-tag-0.4.4/out/src/extension.js:67:46)
    at findCurrentTag (/home/doit/.vscode/extensions/vincaslt.highlight-matching-tag-0.4.4/out/src/extension.js:87:16)
    at vscode.window.onDidChangeTextEditorSelection (/home/doit/.vscode/extensions/vincaslt.highlight-matching-tag-0.4.4/out/src/extension.js:134:28)
    at e.fire (/opt/visual-studio-code/resources/app/out/vs/workbench/node/extensionHostProcess.js:97:917)
    at e.$acceptEditorPropertiesChanged (/opt/visual-studio-code/resources/app/out/vs/workbench/node/extensionHostProcess.js:758:723)
    at e._doInvokeHandler (/opt/visual-studio-code/resources/app/out/vs/workbench/node/extensionHostProcess.js:658:87)
    at e._invokeHandler (/opt/visual-studio-code/resources/app/out/vs/workbench/node/extensionHostProcess.js:657:779)
    at e._receiveRequest (/opt/visual-studio-code/resources/app/out/vs/workbench/node/extensionHostProcess.js:656:851)
    at e._receiveOneMessage (/opt/visual-studio-code/resources/app/out/vs/workbench/node/extensionHostProcess.js:656:620)
    at /opt/visual-studio-code/resources/app/out/vs/workbench/node/extensionHostProcess.js:655:544
    at /opt/visual-studio-code/resources/app/out/vs/workbench/node/extensionHostProcess.js:658:673
    at /opt/visual-studio-code/resources/app/out/vs/workbench/node/extensionHostProcess.js:96:599
    at e.fire (/opt/visual-studio-code/resources/app/out/vs/workbench/node/extensionHostProcess.js:97:917)
    at u (/opt/visual-studio-code/resources/app/out/vs/workbench/node/extensionHostProcess.js:159:721)
    at Socket.<anonymous> (/opt/visual-studio-code/resources/app/out/vs/workbench/node/extensionHostProcess.js:159:898)
    at emitOne (events.js:96:13)
    at Socket.emit (events.js:191:7)
    at readableAddChunk (_stream_readable.js:178:18)
    at Socket.Readable.push (_stream_readable.js:136:10)
    at Pipe.onread (net.js:560:20)
[2018-08-05 16:17:53.057] [renderer1] [error] Cannot read property 'opening' of null: TypeError: Cannot read property 'opening' of null
    at getClosingTag (/home/doit/.vscode/extensions/vincaslt.highlight-matching-tag-0.4.4/out/src/extension.js:61:35)
    at findClosingTag (/home/doit/.vscode/extensions/vincaslt.highlight-matching-tag-0.4.4/out/src/extension.js:67:46)
    at findCurrentTag (/home/doit/.vscode/extensions/vincaslt.highlight-matching-tag-0.4.4/out/src/extension.js:87:16)
    at vscode.window.onDidChangeTextEditorSelection (/home/doit/.vscode/extensions/vincaslt.highlight-matching-tag-0.4.4/out/src/extension.js:134:28)
    at e.fire (/opt/visual-studio-code/resources/app/out/vs/workbench/node/extensionHostProcess.js:97:917)
    at e.$acceptEditorPropertiesChanged (/opt/visual-studio-code/resources/app/out/vs/workbench/node/extensionHostProcess.js:758:723)
    at e._doInvokeHandler (/opt/visual-studio-code/resources/app/out/vs/workbench/node/extensionHostProcess.js:658:87)
    at e._invokeHandler (/opt/visual-studio-code/resources/app/out/vs/workbench/node/extensionHostProcess.js:657:779)
    at e._receiveRequest (/opt/visual-studio-code/resources/app/out/vs/workbench/node/extensionHostProcess.js:656:851)
    at e._receiveOneMessage (/opt/visual-studio-code/resources/app/out/vs/workbench/node/extensionHostProcess.js:656:620)
    at /opt/visual-studio-code/resources/app/out/vs/workbench/node/extensionHostProcess.js:655:544
    at /opt/visual-studio-code/resources/app/out/vs/workbench/node/extensionHostProcess.js:658:673
    at /opt/visual-studio-code/resources/app/out/vs/workbench/node/extensionHostProcess.js:96:599
    at e.fire (/opt/visual-studio-code/resources/app/out/vs/workbench/node/extensionHostProcess.js:97:917)
    at u (/opt/visual-studio-code/resources/app/out/vs/workbench/node/extensionHostProcess.js:159:721)
    at Socket.<anonymous> (/opt/visual-studio-code/resources/app/out/vs/workbench/node/extensionHostProcess.js:159:898)
    at emitOne (events.js:96:13)
    at Socket.emit (events.js:191:7)
    at readableAddChunk (_stream_readable.js:178:18)
    at Socket.Readable.push (_stream_readable.js:136:10)
    at Pipe.onread (net.js:560:20)
[2018-08-05 16:17:54.524] [renderer1] [error] Cannot read property 'opening' of null: TypeError: Cannot read property 'opening' of null
    at getClosingTag (/home/doit/.vscode/extensions/vincaslt.highlight-matching-tag-0.4.4/out/src/extension.js:61:35)
    at findClosingTag (/home/doit/.vscode/extensions/vincaslt.highlight-matching-tag-0.4.4/out/src/extension.js:67:46)
    at findCurrentTag (/home/doit/.vscode/extensions/vincaslt.highlight-matching-tag-0.4.4/out/src/extension.js:87:16)
    at vscode.window.onDidChangeTextEditorSelection (/home/doit/.vscode/extensions/vincaslt.highlight-matching-tag-0.4.4/out/src/extension.js:134:28)
    at e.fire (/opt/visual-studio-code/resources/app/out/vs/workbench/node/extensionHostProcess.js:97:917)
    at e.$acceptEditorPropertiesChanged (/opt/visual-studio-code/resources/app/out/vs/workbench/node/extensionHostProcess.js:758:723)
    at e._doInvokeHandler (/opt/visual-studio-code/resources/app/out/vs/workbench/node/extensionHostProcess.js:658:87)
    at e._invokeHandler (/opt/visual-studio-code/resources/app/out/vs/workbench/node/extensionHostProcess.js:657:779)
    at e._receiveRequest (/opt/visual-studio-code/resources/app/out/vs/workbench/node/extensionHostProcess.js:656:851)
    at e._receiveOneMessage (/opt/visual-studio-code/resources/app/out/vs/workbench/node/extensionHostProcess.js:656:620)
    at /opt/visual-studio-code/resources/app/out/vs/workbench/node/extensionHostProcess.js:655:544
    at /opt/visual-studio-code/resources/app/out/vs/workbench/node/extensionHostProcess.js:658:673
    at /opt/visual-studio-code/resources/app/out/vs/workbench/node/extensionHostProcess.js:96:599
    at e.fire (/opt/visual-studio-code/resources/app/out/vs/workbench/node/extensionHostProcess.js:97:917)
    at u (/opt/visual-studio-code/resources/app/out/vs/workbench/node/extensionHostProcess.js:159:721)
    at Socket.<anonymous> (/opt/visual-studio-code/resources/app/out/vs/workbench/node/extensionHostProcess.js:159:898)
    at emitOne (events.js:96:13)
    at Socket.emit (events.js:191:7)
    at readableAddChunk (_stream_readable.js:178:18)
    at Socket.Readable.push (_stream_readable.js:136:10)
    at Pipe.onread (net.js:560:20)
[2018-08-05 16:17:55.654] [renderer1] [error] Cannot read property 'opening' of null: TypeError: Cannot read property 'opening' of null
    at getClosingTag (/home/doit/.vscode/extensions/vincaslt.highlight-matching-tag-0.4.4/out/src/extension.js:61:35)
    at findClosingTag (/home/doit/.vscode/extensions/vincaslt.highlight-matching-tag-0.4.4/out/src/extension.js:67:46)
    at findCurrentTag (/home/doit/.vscode/extensions/vincaslt.highlight-matching-tag-0.4.4/out/src/extension.js:87:16)
    at vscode.window.onDidChangeTextEditorSelection (/home/doit/.vscode/extensions/vincaslt.highlight-matching-tag-0.4.4/out/src/extension.js:134:28)
    at e.fire (/opt/visual-studio-code/resources/app/out/vs/workbench/node/extensionHostProcess.js:97:917)
    at e.$acceptEditorPropertiesChanged (/opt/visual-studio-code/resources/app/out/vs/workbench/node/extensionHostProcess.js:758:723)
    at e._doInvokeHandler (/opt/visual-studio-code/resources/app/out/vs/workbench/node/extensionHostProcess.js:658:87)
    at e._invokeHandler (/opt/visual-studio-code/resources/app/out/vs/workbench/node/extensionHostProcess.js:657:779)
    at e._receiveRequest (/opt/visual-studio-code/resources/app/out/vs/workbench/node/extensionHostProcess.js:656:851)
    at e._receiveOneMessage (/opt/visual-studio-code/resources/app/out/vs/workbench/node/extensionHostProcess.js:656:620)
    at /opt/visual-studio-code/resources/app/out/vs/workbench/node/extensionHostProcess.js:655:544
    at /opt/visual-studio-code/resources/app/out/vs/workbench/node/extensionHostProcess.js:658:673
    at /opt/visual-studio-code/resources/app/out/vs/workbench/node/extensionHostProcess.js:96:599
    at e.fire (/opt/visual-studio-code/resources/app/out/vs/workbench/node/extensionHostProcess.js:97:917)
    at u (/opt/visual-studio-code/resources/app/out/vs/workbench/node/extensionHostProcess.js:159:721)
    at Socket.<anonymous> (/opt/visual-studio-code/resources/app/out/vs/workbench/node/extensionHostProcess.js:159:898)
    at emitOne (events.js:96:13)
    at Socket.emit (events.js:191:7)
    at readableAddChunk (_stream_readable.js:178:18)
    at Socket.Readable.push (_stream_readable.js:136:10)
    at Pipe.onread (net.js:560:20)
[2018-08-05 16:17:57.699] [renderer1] [error] Cannot read property 'opening' of null: TypeError: Cannot read property 'opening' of null
    at getClosingTag (/home/doit/.vscode/extensions/vincaslt.highlight-matching-tag-0.4.4/out/src/extension.js:61:35)
    at findClosingTag (/home/doit/.vscode/extensions/vincaslt.highlight-matching-tag-0.4.4/out/src/extension.js:67:46)
    at findCurrentTag (/home/doit/.vscode/extensions/vincaslt.highlight-matching-tag-0.4.4/out/src/extension.js:87:16)
    at vscode.window.onDidChangeTextEditorSelection (/home/doit/.vscode/extensions/vincaslt.highlight-matching-tag-0.4.4/out/src/extension.js:134:28)
    at e.fire (/opt/visual-studio-code/resources/app/out/vs/workbench/node/extensionHostProcess.js:97:917)
    at e.$acceptEditorPropertiesChanged (/opt/visual-studio-code/resources/app/out/vs/workbench/node/extensionHostProcess.js:758:723)
    at e._doInvokeHandler (/opt/visual-studio-code/resources/app/out/vs/workbench/node/extensionHostProcess.js:658:87)
    at e._invokeHandler (/opt/visual-studio-code/resources/app/out/vs/workbench/node/extensionHostProcess.js:657:779)
    at e._receiveRequest (/opt/visual-studio-code/resources/app/out/vs/workbench/node/extensionHostProcess.js:656:851)
    at e._receiveOneMessage (/opt/visual-studio-code/resources/app/out/vs/workbench/node/extensionHostProcess.js:656:620)
    at /opt/visual-studio-code/resources/app/out/vs/workbench/node/extensionHostProcess.js:655:544
    at /opt/visual-studio-code/resources/app/out/vs/workbench/node/extensionHostProcess.js:658:673
    at /opt/visual-studio-code/resources/app/out/vs/workbench/node/extensionHostProcess.js:96:599
    at e.fire (/opt/visual-studio-code/resources/app/out/vs/workbench/node/extensionHostProcess.js:97:917)
    at u (/opt/visual-studio-code/resources/app/out/vs/workbench/node/extensionHostProcess.js:159:721)
    at Socket.<anonymous> (/opt/visual-studio-code/resources/app/out/vs/workbench/node/extensionHostProcess.js:159:898)
    at emitOne (events.js:96:13)
    at Socket.emit (events.js:191:7)
    at readableAddChunk (_stream_readable.js:178:18)
    at Socket.Readable.push (_stream_readable.js:136:10)
    at Pipe.onread (net.js:560:20)
[2018-08-05 16:17:58.909] [renderer1] [error] Cannot read property 'opening' of null: TypeError: Cannot read property 'opening' of null
    at getClosingTag (/home/doit/.vscode/extensions/vincaslt.highlight-matching-tag-0.4.4/out/src/extension.js:61:35)
    at findClosingTag (/home/doit/.vscode/extensions/vincaslt.highlight-matching-tag-0.4.4/out/src/extension.js:67:46)
    at findCurrentTag (/home/doit/.vscode/extensions/vincaslt.highlight-matching-tag-0.4.4/out/src/extension.js:87:16)
    at vscode.window.onDidChangeTextEditorSelection (/home/doit/.vscode/extensions/vincaslt.highlight-matching-tag-0.4.4/out/src/extension.js:134:28)
    at e.fire (/opt/visual-studio-code/resources/app/out/vs/workbench/node/extensionHostProcess.js:97:917)
    at e.$acceptEditorPropertiesChanged (/opt/visual-studio-code/resources/app/out/vs/workbench/node/extensionHostProcess.js:758:723)
    at e._doInvokeHandler (/opt/visual-studio-code/resources/app/out/vs/workbench/node/extensionHostProcess.js:658:87)
    at e._invokeHandler (/opt/visual-studio-code/resources/app/out/vs/workbench/node/extensionHostProcess.js:657:779)
    at e._receiveRequest (/opt/visual-studio-code/resources/app/out/vs/workbench/node/extensionHostProcess.js:656:851)
    at e._receiveOneMessage (/opt/visual-studio-code/resources/app/out/vs/workbench/node/extensionHostProcess.js:656:620)
    at /opt/visual-studio-code/resources/app/out/vs/workbench/node/extensionHostProcess.js:655:544
    at /opt/visual-studio-code/resources/app/out/vs/workbench/node/extensionHostProcess.js:658:673
    at /opt/visual-studio-code/resources/app/out/vs/workbench/node/extensionHostProcess.js:96:599
    at e.fire (/opt/visual-studio-code/resources/app/out/vs/workbench/node/extensionHostProcess.js:97:917)
    at u (/opt/visual-studio-code/resources/app/out/vs/workbench/node/extensionHostProcess.js:159:721)
    at Socket.<anonymous> (/opt/visual-studio-code/resources/app/out/vs/workbench/node/extensionHostProcess.js:159:898)
    at emitOne (events.js:96:13)
    at Socket.emit (events.js:191:7)
    at readableAddChunk (_stream_readable.js:178:18)
    at Socket.Readable.push (_stream_readable.js:136:10)
    at Pipe.onread (net.js:560:20)
[2018-08-05 16:18:01.388] [renderer1] [error] Cannot read property 'opening' of null: TypeError: Cannot read property 'opening' of null
    at getClosingTag (/home/doit/.vscode/extensions/vincaslt.highlight-matching-tag-0.4.4/out/src/extension.js:61:35)
    at findClosingTag (/home/doit/.vscode/extensions/vincaslt.highlight-matching-tag-0.4.4/out/src/extension.js:67:46)
    at findCurrentTag (/home/doit/.vscode/extensions/vincaslt.highlight-matching-tag-0.4.4/out/src/extension.js:87:16)
    at vscode.window.onDidChangeTextEditorSelection (/home/doit/.vscode/extensions/vincaslt.highlight-matching-tag-0.4.4/out/src/extension.js:134:28)
    at e.fire (/opt/visual-studio-code/resources/app/out/vs/workbench/node/extensionHostProcess.js:97:917)
    at e.$acceptEditorPropertiesChanged (/opt/visual-studio-code/resources/app/out/vs/workbench/node/extensionHostProcess.js:758:723)
    at e._doInvokeHandler (/opt/visual-studio-code/resources/app/out/vs/workbench/node/extensionHostProcess.js:658:87)
    at e._invokeHandler (/opt/visual-studio-code/resources/app/out/vs/workbench/node/extensionHostProcess.js:657:779)
    at e._receiveRequest (/opt/visual-studio-code/resources/app/out/vs/workbench/node/extensionHostProcess.js:656:851)
    at e._receiveOneMessage (/opt/visual-studio-code/resources/app/out/vs/workbench/node/extensionHostProcess.js:656:620)
    at /opt/visual-studio-code/resources/app/out/vs/workbench/node/extensionHostProcess.js:655:544
    at /opt/visual-studio-code/resources/app/out/vs/workbench/node/extensionHostProcess.js:658:673
    at /opt/visual-studio-code/resources/app/out/vs/workbench/node/extensionHostProcess.js:96:599
    at e.fire (/opt/visual-studio-code/resources/app/out/vs/workbench/node/extensionHostProcess.js:97:917)
    at u (/opt/visual-studio-code/resources/app/out/vs/workbench/node/extensionHostProcess.js:159:721)
    at Socket.<anonymous> (/opt/visual-studio-code/resources/app/out/vs/workbench/node/extensionHostProcess.js:159:898)
    at emitOne (events.js:96:13)
    at Socket.emit (events.js:191:7)
    at readableAddChunk (_stream_readable.js:178:18)
    at Socket.Readable.push (_stream_readable.js:136:10)
    at Pipe.onread (net.js:560:20)
[2018-08-05 16:18:02.849] [renderer1] [error] Cannot read property 'opening' of null: TypeError: Cannot read property 'opening' of null
    at getClosingTag (/home/doit/.vscode/extensions/vincaslt.highlight-matching-tag-0.4.4/out/src/extension.js:61:35)
    at findClosingTag (/home/doit/.vscode/extensions/vincaslt.highlight-matching-tag-0.4.4/out/src/extension.js:67:46)
    at findCurrentTag (/home/doit/.vscode/extensions/vincaslt.highlight-matching-tag-0.4.4/out/src/extension.js:87:16)
    at vscode.window.onDidChangeTextEditorSelection (/home/doit/.vscode/extensions/vincaslt.highlight-matching-tag-0.4.4/out/src/extension.js:134:28)
    at e.fire (/opt/visual-studio-code/resources/app/out/vs/workbench/node/extensionHostProcess.js:97:917)
    at e.$acceptEditorPropertiesChanged (/opt/visual-studio-code/resources/app/out/vs/workbench/node/extensionHostProcess.js:758:723)
    at e._doInvokeHandler (/opt/visual-studio-code/resources/app/out/vs/workbench/node/extensionHostProcess.js:658:87)
    at e._invokeHandler (/opt/visual-studio-code/resources/app/out/vs/workbench/node/extensionHostProcess.js:657:779)
    at e._receiveRequest (/opt/visual-studio-code/resources/app/out/vs/workbench/node/extensionHostProcess.js:656:851)
    at e._receiveOneMessage (/opt/visual-studio-code/resources/app/out/vs/workbench/node/extensionHostProcess.js:656:620)
    at /opt/visual-studio-code/resources/app/out/vs/workbench/node/extensionHostProcess.js:655:544
    at /opt/visual-studio-code/resources/app/out/vs/workbench/node/extensionHostProcess.js:658:673
    at /opt/visual-studio-code/resources/app/out/vs/workbench/node/extensionHostProcess.js:96:599
    at e.fire (/opt/visual-studio-code/resources/app/out/vs/workbench/node/extensionHostProcess.js:97:917)
    at u (/opt/visual-studio-code/resources/app/out/vs/workbench/node/extensionHostProcess.js:159:721)
    at Socket.<anonymous> (/opt/visual-studio-code/resources/app/out/vs/workbench/node/extensionHostProcess.js:159:898)
    at emitOne (events.js:96:13)
    at Socket.emit (events.js:191:7)
    at readableAddChunk (_stream_readable.js:178:18)
    at Socket.Readable.push (_stream_readable.js:136:10)
    at Pipe.onread (net.js:560:20)
[2018-08-05 16:18:47.469] [renderer1] [error] Cannot read property 'opening' of null: TypeError: Cannot read property 'opening' of null
    at getClosingTag (/home/doit/.vscode/extensions/vincaslt.highlight-matching-tag-0.4.4/out/src/extension.js:61:35)
    at findClosingTag (/home/doit/.vscode/extensions/vincaslt.highlight-matching-tag-0.4.4/out/src/extension.js:67:46)
    at findCurrentTag (/home/doit/.vscode/extensions/vincaslt.highlight-matching-tag-0.4.4/out/src/extension.js:87:16)
    at vscode.window.onDidChangeTextEditorSelection (/home/doit/.vscode/extensions/vincaslt.highlight-matching-tag-0.4.4/out/src/extension.js:134:28)
    at e.fire (/opt/visual-studio-code/resources/app/out/vs/workbench/node/extensionHostProcess.js:97:917)
    at e.$acceptEditorPropertiesChanged (/opt/visual-studio-code/resources/app/out/vs/workbench/node/extensionHostProcess.js:758:723)
    at e._doInvokeHandler (/opt/visual-studio-code/resources/app/out/vs/workbench/node/extensionHostProcess.js:658:87)
    at e._invokeHandler (/opt/visual-studio-code/resources/app/out/vs/workbench/node/extensionHostProcess.js:657:779)
    at e._receiveRequest (/opt/visual-studio-code/resources/app/out/vs/workbench/node/extensionHostProcess.js:656:851)
    at e._receiveOneMessage (/opt/visual-studio-code/resources/app/out/vs/workbench/node/extensionHostProcess.js:656:620)
    at /opt/visual-studio-code/resources/app/out/vs/workbench/node/extensionHostProcess.js:655:544
    at /opt/visual-studio-code/resources/app/out/vs/workbench/node/extensionHostProcess.js:658:673
    at /opt/visual-studio-code/resources/app/out/vs/workbench/node/extensionHostProcess.js:96:599
    at e.fire (/opt/visual-studio-code/resources/app/out/vs/workbench/node/extensionHostProcess.js:97:917)
    at u (/opt/visual-studio-code/resources/app/out/vs/workbench/node/extensionHostProcess.js:159:721)
    at Socket.<anonymous> (/opt/visual-studio-code/resources/app/out/vs/workbench/node/extensionHostProcess.js:159:898)
    at emitOne (events.js:96:13)
    at Socket.emit (events.js:191:7)
    at readableAddChunk (_stream_readable.js:178:18)
    at Socket.Readable.push (_stream_readable.js:136:10)
    at Pipe.onread (net.js:560:20)
[2018-08-05 16:20:07.923] [renderer1] [error] Cannot read property 'opening' of null: TypeError: Cannot read property 'opening' of null
    at getClosingTag (/home/doit/.vscode/extensions/vincaslt.highlight-matching-tag-0.4.4/out/src/extension.js:61:35)
    at findClosingTag (/home/doit/.vscode/extensions/vincaslt.highlight-matching-tag-0.4.4/out/src/extension.js:67:46)
    at findCurrentTag (/home/doit/.vscode/extensions/vincaslt.highlight-matching-tag-0.4.4/out/src/extension.js:87:16)
    at vscode.window.onDidChangeTextEditorSelection (/home/doit/.vscode/extensions/vincaslt.highlight-matching-tag-0.4.4/out/src/extension.js:134:28)
    at e.fire (/opt/visual-studio-code/resources/app/out/vs/workbench/node/extensionHostProcess.js:97:917)
    at e.$acceptEditorPropertiesChanged (/opt/visual-studio-code/resources/app/out/vs/workbench/node/extensionHostProcess.js:758:723)
    at e._doInvokeHandler (/opt/visual-studio-code/resources/app/out/vs/workbench/node/extensionHostProcess.js:658:87)
    at e._invokeHandler (/opt/visual-studio-code/resources/app/out/vs/workbench/node/extensionHostProcess.js:657:779)
    at e._receiveRequest (/opt/visual-studio-code/resources/app/out/vs/workbench/node/extensionHostProcess.js:656:851)
    at e._receiveOneMessage (/opt/visual-studio-code/resources/app/out/vs/workbench/node/extensionHostProcess.js:656:620)
    at /opt/visual-studio-code/resources/app/out/vs/workbench/node/extensionHostProcess.js:655:544
    at /opt/visual-studio-code/resources/app/out/vs/workbench/node/extensionHostProcess.js:658:673
    at /opt/visual-studio-code/resources/app/out/vs/workbench/node/extensionHostProcess.js:96:599
    at e.fire (/opt/visual-studio-code/resources/app/out/vs/workbench/node/extensionHostProcess.js:97:917)
    at u (/opt/visual-studio-code/resources/app/out/vs/workbench/node/extensionHostProcess.js:159:721)
    at Socket.<anonymous> (/opt/visual-studio-code/resources/app/out/vs/workbench/node/extensionHostProcess.js:159:898)
    at emitOne (events.js:96:13)
    at Socket.emit (events.js:191:7)
    at readableAddChunk (_stream_readable.js:178:18)
    at Socket.Readable.push (_stream_readable.js:136:10)
    at Pipe.onread (net.js:560:20)
[2018-08-05 16:20:09.082] [renderer1] [error] Cannot read property 'opening' of null: TypeError: Cannot read property 'opening' of null
    at getClosingTag (/home/doit/.vscode/extensions/vincaslt.highlight-matching-tag-0.4.4/out/src/extension.js:61:35)
    at findClosingTag (/home/doit/.vscode/extensions/vincaslt.highlight-matching-tag-0.4.4/out/src/extension.js:67:46)
    at findCurrentTag (/home/doit/.vscode/extensions/vincaslt.highlight-matching-tag-0.4.4/out/src/extension.js:87:16)
    at vscode.window.onDidChangeTextEditorSelection (/home/doit/.vscode/extensions/vincaslt.highlight-matching-tag-0.4.4/out/src/extension.js:134:28)
    at e.fire (/opt/visual-studio-code/resources/app/out/vs/workbench/node/extensionHostProcess.js:97:917)
    at e.$acceptEditorPropertiesChanged (/opt/visual-studio-code/resources/app/out/vs/workbench/node/extensionHostProcess.js:758:723)
    at e._doInvokeHandler (/opt/visual-studio-code/resources/app/out/vs/workbench/node/extensionHostProcess.js:658:87)
    at e._invokeHandler (/opt/visual-studio-code/resources/app/out/vs/workbench/node/extensionHostProcess.js:657:779)
    at e._receiveRequest (/opt/visual-studio-code/resources/app/out/vs/workbench/node/extensionHostProcess.js:656:851)
    at e._receiveOneMessage (/opt/visual-studio-code/resources/app/out/vs/workbench/node/extensionHostProcess.js:656:620)
    at /opt/visual-studio-code/resources/app/out/vs/workbench/node/extensionHostProcess.js:655:544
    at /opt/visual-studio-code/resources/app/out/vs/workbench/node/extensionHostProcess.js:658:673
    at /opt/visual-studio-code/resources/app/out/vs/workbench/node/extensionHostProcess.js:96:599
    at e.fire (/opt/visual-studio-code/resources/app/out/vs/workbench/node/extensionHostProcess.js:97:917)
    at u (/opt/visual-studio-code/resources/app/out/vs/workbench/node/extensionHostProcess.js:159:721)
    at Socket.<anonymous> (/opt/visual-studio-code/resources/app/out/vs/workbench/node/extensionHostProcess.js:159:898)
    at emitOne (events.js:96:13)
    at Socket.emit (events.js:191:7)
    at readableAddChunk (_stream_readable.js:178:18)
    at Socket.Readable.push (_stream_readable.js:136:10)
    at Pipe.onread (net.js:560:20)
[2018-08-05 16:20:11.248] [renderer1] [error] Cannot read property 'opening' of null: TypeError: Cannot read property 'opening' of null
    at getClosingTag (/home/doit/.vscode/extensions/vincaslt.highlight-matching-tag-0.4.4/out/src/extension.js:61:35)
    at findClosingTag (/home/doit/.vscode/extensions/vincaslt.highlight-matching-tag-0.4.4/out/src/extension.js:67:46)
    at findCurrentTag (/home/doit/.vscode/extensions/vincaslt.highlight-matching-tag-0.4.4/out/src/extension.js:87:16)
    at vscode.window.onDidChangeTextEditorSelection (/home/doit/.vscode/extensions/vincaslt.highlight-matching-tag-0.4.4/out/src/extension.js:134:28)
    at e.fire (/opt/visual-studio-code/resources/app/out/vs/workbench/node/extensionHostProcess.js:97:917)
    at e.$acceptEditorPropertiesChanged (/opt/visual-studio-code/resources/app/out/vs/workbench/node/extensionHostProcess.js:758:723)
    at e._doInvokeHandler (/opt/visual-studio-code/resources/app/out/vs/workbench/node/extensionHostProcess.js:658:87)
    at e._invokeHandler (/opt/visual-studio-code/resources/app/out/vs/workbench/node/extensionHostProcess.js:657:779)
    at e._receiveRequest (/opt/visual-studio-code/resources/app/out/vs/workbench/node/extensionHostProcess.js:656:851)
    at e._receiveOneMessage (/opt/visual-studio-code/resources/app/out/vs/workbench/node/extensionHostProcess.js:656:620)
    at /opt/visual-studio-code/resources/app/out/vs/workbench/node/extensionHostProcess.js:655:544
    at /opt/visual-studio-code/resources/app/out/vs/workbench/node/extensionHostProcess.js:658:673
    at /opt/visual-studio-code/resources/app/out/vs/workbench/node/extensionHostProcess.js:96:599
    at e.fire (/opt/visual-studio-code/resources/app/out/vs/workbench/node/extensionHostProcess.js:97:917)
    at u (/opt/visual-studio-code/resources/app/out/vs/workbench/node/extensionHostProcess.js:159:721)
    at Socket.<anonymous> (/opt/visual-studio-code/resources/app/out/vs/workbench/node/extensionHostProcess.js:159:898)
    at emitOne (events.js:96:13)
    at Socket.emit (events.js:191:7)
    at readableAddChunk (_stream_readable.js:178:18)
    at Socket.Readable.push (_stream_readable.js:136:10)
    at Pipe.onread (net.js:560:20)
[2018-08-05 16:20:12.790] [renderer1] [error] Cannot read property 'opening' of null: TypeError: Cannot read property 'opening' of null
    at getClosingTag (/home/doit/.vscode/extensions/vincaslt.highlight-matching-tag-0.4.4/out/src/extension.js:61:35)
    at findClosingTag (/home/doit/.vscode/extensions/vincaslt.highlight-matching-tag-0.4.4/out/src/extension.js:67:46)
    at findCurrentTag (/home/doit/.vscode/extensions/vincaslt.highlight-matching-tag-0.4.4/out/src/extension.js:87:16)
    at vscode.window.onDidChangeTextEditorSelection (/home/doit/.vscode/extensions/vincaslt.highlight-matching-tag-0.4.4/out/src/extension.js:134:28)
    at e.fire (/opt/visual-studio-code/resources/app/out/vs/workbench/node/extensionHostProcess.js:97:917)
    at e.$acceptEditorPropertiesChanged (/opt/visual-studio-code/resources/app/out/vs/workbench/node/extensionHostProcess.js:758:723)
    at e._doInvokeHandler (/opt/visual-studio-code/resources/app/out/vs/workbench/node/extensionHostProcess.js:658:87)
    at e._invokeHandler (/opt/visual-studio-code/resources/app/out/vs/workbench/node/extensionHostProcess.js:657:779)
    at e._receiveRequest (/opt/visual-studio-code/resources/app/out/vs/workbench/node/extensionHostProcess.js:656:851)
    at e._receiveOneMessage (/opt/visual-studio-code/resources/app/out/vs/workbench/node/extensionHostProcess.js:656:620)
    at /opt/visual-studio-code/resources/app/out/vs/workbench/node/extensionHostProcess.js:655:544
    at /opt/visual-studio-code/resources/app/out/vs/workbench/node/extensionHostProcess.js:658:673
    at /opt/visual-studio-code/resources/app/out/vs/workbench/node/extensionHostProcess.js:96:599
    at e.fire (/opt/visual-studio-code/resources/app/out/vs/workbench/node/extensionHostProcess.js:97:917)
    at u (/opt/visual-studio-code/resources/app/out/vs/workbench/node/extensionHostProcess.js:159:721)
    at Socket.<anonymous> (/opt/visual-studio-code/resources/app/out/vs/workbench/node/extensionHostProcess.js:159:898)
    at emitOne (events.js:96:13)
    at Socket.emit (events.js:191:7)
    at readableAddChunk (_stream_readable.js:178:18)
    at Socket.Readable.push (_stream_readable.js:136:10)
    at Pipe.onread (net.js:560:20)
[2018-08-05 16:20:14.472] [renderer1] [error] Cannot read property 'opening' of null: TypeError: Cannot read property 'opening' of null
    at getClosingTag (/home/doit/.vscode/extensions/vincaslt.highlight-matching-tag-0.4.4/out/src/extension.js:61:35)
    at findClosingTag (/home/doit/.vscode/extensions/vincaslt.highlight-matching-tag-0.4.4/out/src/extension.js:67:46)
    at findCurrentTag (/home/doit/.vscode/extensions/vincaslt.highlight-matching-tag-0.4.4/out/src/extension.js:87:16)
    at vscode.window.onDidChangeTextEditorSelection (/home/doit/.vscode/extensions/vincaslt.highlight-matching-tag-0.4.4/out/src/extension.js:134:28)
    at e.fire (/opt/visual-studio-code/resources/app/out/vs/workbench/node/extensionHostProcess.js:97:917)
    at e.$acceptEditorPropertiesChanged (/opt/visual-studio-code/resources/app/out/vs/workbench/node/extensionHostProcess.js:758:723)
    at e._doInvokeHandler (/opt/visual-studio-code/resources/app/out/vs/workbench/node/extensionHostProcess.js:658:87)
    at e._invokeHandler (/opt/visual-studio-code/resources/app/out/vs/workbench/node/extensionHostProcess.js:657:779)
    at e._receiveRequest (/opt/visual-studio-code/resources/app/out/vs/workbench/node/extensionHostProcess.js:656:851)
    at e._receiveOneMessage (/opt/visual-studio-code/resources/app/out/vs/workbench/node/extensionHostProcess.js:656:620)
    at /opt/visual-studio-code/resources/app/out/vs/workbench/node/extensionHostProcess.js:655:544
    at /opt/visual-studio-code/resources/app/out/vs/workbench/node/extensionHostProcess.js:658:673
    at /opt/visual-studio-code/resources/app/out/vs/workbench/node/extensionHostProcess.js:96:599
    at e.fire (/opt/visual-studio-code/resources/app/out/vs/workbench/node/extensionHostProcess.js:97:917)
    at u (/opt/visual-studio-code/resources/app/out/vs/workbench/node/extensionHostProcess.js:159:721)
    at Socket.<anonymous> (/opt/visual-studio-code/resources/app/out/vs/workbench/node/extensionHostProcess.js:159:898)
    at emitOne (events.js:96:13)
    at Socket.emit (events.js:191:7)
    at readableAddChunk (_stream_readable.js:178:18)
    at Socket.Readable.push (_stream_readable.js:136:10)
    at Pipe.onread (net.js:560:20)
[2018-08-05 16:20:15.479] [renderer1] [error] Cannot read property 'opening' of null: TypeError: Cannot read property 'opening' of null
    at getClosingTag (/home/doit/.vscode/extensions/vincaslt.highlight-matching-tag-0.4.4/out/src/extension.js:61:35)
    at findClosingTag (/home/doit/.vscode/extensions/vincaslt.highlight-matching-tag-0.4.4/out/src/extension.js:67:46)
    at findCurrentTag (/home/doit/.vscode/extensions/vincaslt.highlight-matching-tag-0.4.4/out/src/extension.js:87:16)
    at vscode.window.onDidChangeTextEditorSelection (/home/doit/.vscode/extensions/vincaslt.highlight-matching-tag-0.4.4/out/src/extension.js:134:28)
    at e.fire (/opt/visual-studio-code/resources/app/out/vs/workbench/node/extensionHostProcess.js:97:917)
    at e.$acceptEditorPropertiesChanged (/opt/visual-studio-code/resources/app/out/vs/workbench/node/extensionHostProcess.js:758:723)
    at e._doInvokeHandler (/opt/visual-studio-code/resources/app/out/vs/workbench/node/extensionHostProcess.js:658:87)
    at e._invokeHandler (/opt/visual-studio-code/resources/app/out/vs/workbench/node/extensionHostProcess.js:657:779)
    at e._receiveRequest (/opt/visual-studio-code/resources/app/out/vs/workbench/node/extensionHostProcess.js:656:851)
    at e._receiveOneMessage (/opt/visual-studio-code/resources/app/out/vs/workbench/node/extensionHostProcess.js:656:620)
    at /opt/visual-studio-code/resources/app/out/vs/workbench/node/extensionHostProcess.js:655:544
    at /opt/visual-studio-code/resources/app/out/vs/workbench/node/extensionHostProcess.js:658:673
    at /opt/visual-studio-code/resources/app/out/vs/workbench/node/extensionHostProcess.js:96:599
    at e.fire (/opt/visual-studio-code/resources/app/out/vs/workbench/node/extensionHostProcess.js:97:917)
    at u (/opt/visual-studio-code/resources/app/out/vs/workbench/node/extensionHostProcess.js:159:721)
    at Socket.<anonymous> (/opt/visual-studio-code/resources/app/out/vs/workbench/node/extensionHostProcess.js:159:898)
    at emitOne (events.js:96:13)
    at Socket.emit (events.js:191:7)
    at readableAddChunk (_stream_readable.js:178:18)
    at Socket.Readable.push (_stream_readable.js:136:10)
    at Pipe.onread (net.js:560:20)
[2018-08-05 16:20:17.452] [renderer1] [error] Cannot read property 'opening' of null: TypeError: Cannot read property 'opening' of null
    at getClosingTag (/home/doit/.vscode/extensions/vincaslt.highlight-matching-tag-0.4.4/out/src/extension.js:61:35)
    at findClosingTag (/home/doit/.vscode/extensions/vincaslt.highlight-matching-tag-0.4.4/out/src/extension.js:67:46)
    at findCurrentTag (/home/doit/.vscode/extensions/vincaslt.highlight-matching-tag-0.4.4/out/src/extension.js:87:16)
    at vscode.window.onDidChangeTextEditorSelection (/home/doit/.vscode/extensions/vincaslt.highlight-matching-tag-0.4.4/out/src/extension.js:134:28)
    at e.fire (/opt/visual-studio-code/resources/app/out/vs/workbench/node/extensionHostProcess.js:97:917)
    at e.$acceptEditorPropertiesChanged (/opt/visual-studio-code/resources/app/out/vs/workbench/node/extensionHostProcess.js:758:723)
    at e._doInvokeHandler (/opt/visual-studio-code/resources/app/out/vs/workbench/node/extensionHostProcess.js:658:87)
    at e._invokeHandler (/opt/visual-studio-code/resources/app/out/vs/workbench/node/extensionHostProcess.js:657:779)
    at e._receiveRequest (/opt/visual-studio-code/resources/app/out/vs/workbench/node/extensionHostProcess.js:656:851)
    at e._receiveOneMessage (/opt/visual-studio-code/resources/app/out/vs/workbench/node/extensionHostProcess.js:656:620)
    at /opt/visual-studio-code/resources/app/out/vs/workbench/node/extensionHostProcess.js:655:544
    at /opt/visual-studio-code/resources/app/out/vs/workbench/node/extensionHostProcess.js:658:673
    at /opt/visual-studio-code/resources/app/out/vs/workbench/node/extensionHostProcess.js:96:599
    at e.fire (/opt/visual-studio-code/resources/app/out/vs/workbench/node/extensionHostProcess.js:97:917)
    at u (/opt/visual-studio-code/resources/app/out/vs/workbench/node/extensionHostProcess.js:159:721)
    at Socket.<anonymous> (/opt/visual-studio-code/resources/app/out/vs/workbench/node/extensionHostProcess.js:159:898)
    at emitOne (events.js:96:13)
    at Socket.emit (events.js:191:7)
    at readableAddChunk (_stream_readable.js:178:18)
    at Socket.Readable.push (_stream_readable.js:136:10)
    at Pipe.onread (net.js:560:20)
[2018-08-05 16:20:18.916] [renderer1] [error] Cannot read property 'opening' of null: TypeError: Cannot read property 'opening' of null
    at getClosingTag (/home/doit/.vscode/extensions/vincaslt.highlight-matching-tag-0.4.4/out/src/extension.js:61:35)
    at findClosingTag (/home/doit/.vscode/extensions/vincaslt.highlight-matching-tag-0.4.4/out/src/extension.js:67:46)
    at findCurrentTag (/home/doit/.vscode/extensions/vincaslt.highlight-matching-tag-0.4.4/out/src/extension.js:87:16)
    at vscode.window.onDidChangeTextEditorSelection (/home/doit/.vscode/extensions/vincaslt.highlight-matching-tag-0.4.4/out/src/extension.js:134:28)
    at e.fire (/opt/visual-studio-code/resources/app/out/vs/workbench/node/extensionHostProcess.js:97:917)
    at e.$acceptEditorPropertiesChanged (/opt/visual-studio-code/resources/app/out/vs/workbench/node/extensionHostProcess.js:758:723)
    at e._doInvokeHandler (/opt/visual-studio-code/resources/app/out/vs/workbench/node/extensionHostProcess.js:658:87)
    at e._invokeHandler (/opt/visual-studio-code/resources/app/out/vs/workbench/node/extensionHostProcess.js:657:779)
    at e._receiveRequest (/opt/visual-studio-code/resources/app/out/vs/workbench/node/extensionHostProcess.js:656:851)
    at e._receiveOneMessage (/opt/visual-studio-code/resources/app/out/vs/workbench/node/extensionHostProcess.js:656:620)
    at /opt/visual-studio-code/resources/app/out/vs/workbench/node/extensionHostProcess.js:655:544
    at /opt/visual-studio-code/resources/app/out/vs/workbench/node/extensionHostProcess.js:658:673
    at /opt/visual-studio-code/resources/app/out/vs/workbench/node/extensionHostProcess.js:96:599
    at e.fire (/opt/visual-studio-code/resources/app/out/vs/workbench/node/extensionHostProcess.js:97:917)
    at u (/opt/visual-studio-code/resources/app/out/vs/workbench/node/extensionHostProcess.js:159:721)
    at Socket.<anonymous> (/opt/visual-studio-code/resources/app/out/vs/workbench/node/extensionHostProcess.js:159:898)
    at emitOne (events.js:96:13)
    at Socket.emit (events.js:191:7)
    at readableAddChunk (_stream_readable.js:178:18)
    at Socket.Readable.push (_stream_readable.js:136:10)
    at Pipe.onread (net.js:560:20)
[2018-08-05 16:29:33.862] [renderer1] [error] Cannot read property 'opening' of null: TypeError: Cannot read property 'opening' of null
    at getClosingTag (/home/doit/.vscode/extensions/vincaslt.highlight-matching-tag-0.4.4/out/src/extension.js:61:35)
    at findClosingTag (/home/doit/.vscode/extensions/vincaslt.highlight-matching-tag-0.4.4/out/src/extension.js:67:46)
    at findCurrentTag (/home/doit/.vscode/extensions/vincaslt.highlight-matching-tag-0.4.4/out/src/extension.js:87:16)
    at vscode.window.onDidChangeTextEditorSelection (/home/doit/.vscode/extensions/vincaslt.highlight-matching-tag-0.4.4/out/src/extension.js:134:28)
    at e.fire (/opt/visual-studio-code/resources/app/out/vs/workbench/node/extensionHostProcess.js:97:917)
    at e.$acceptEditorPropertiesChanged (/opt/visual-studio-code/resources/app/out/vs/workbench/node/extensionHostProcess.js:758:723)
    at e._doInvokeHandler (/opt/visual-studio-code/resources/app/out/vs/workbench/node/extensionHostProcess.js:658:87)
    at e._invokeHandler (/opt/visual-studio-code/resources/app/out/vs/workbench/node/extensionHostProcess.js:657:779)
    at e._receiveRequest (/opt/visual-studio-code/resources/app/out/vs/workbench/node/extensionHostProcess.js:656:851)
    at e._receiveOneMessage (/opt/visual-studio-code/resources/app/out/vs/workbench/node/extensionHostProcess.js:656:620)
    at /opt/visual-studio-code/resources/app/out/vs/workbench/node/extensionHostProcess.js:655:544
    at /opt/visual-studio-code/resources/app/out/vs/workbench/node/extensionHostProcess.js:658:673
    at /opt/visual-studio-code/resources/app/out/vs/workbench/node/extensionHostProcess.js:96:599
    at e.fire (/opt/visual-studio-code/resources/app/out/vs/workbench/node/extensionHostProcess.js:97:917)
    at u (/opt/visual-studio-code/resources/app/out/vs/workbench/node/extensionHostProcess.js:159:721)
    at Socket.<anonymous> (/opt/visual-studio-code/resources/app/out/vs/workbench/node/extensionHostProcess.js:159:898)
    at emitOne (events.js:96:13)
    at Socket.emit (events.js:191:7)
    at readableAddChunk (_stream_readable.js:178:18)
    at Socket.Readable.push (_stream_readable.js:136:10)
    at Pipe.onread (net.js:560:20)
[2018-08-05 16:30:59.563] [renderer1] [error] Cannot read property 'opening' of null: TypeError: Cannot read property 'opening' of null
    at getClosingTag (/home/doit/.vscode/extensions/vincaslt.highlight-matching-tag-0.4.4/out/src/extension.js:61:35)
    at findClosingTag (/home/doit/.vscode/extensions/vincaslt.highlight-matching-tag-0.4.4/out/src/extension.js:67:46)
    at findCurrentTag (/home/doit/.vscode/extensions/vincaslt.highlight-matching-tag-0.4.4/out/src/extension.js:87:16)
    at vscode.window.onDidChangeTextEditorSelection (/home/doit/.vscode/extensions/vincaslt.highlight-matching-tag-0.4.4/out/src/extension.js:134:28)
    at e.fire (/opt/visual-studio-code/resources/app/out/vs/workbench/node/extensionHostProcess.js:97:917)
    at e.$acceptEditorPropertiesChanged (/opt/visual-studio-code/resources/app/out/vs/workbench/node/extensionHostProcess.js:758:723)
    at e._doInvokeHandler (/opt/visual-studio-code/resources/app/out/vs/workbench/node/extensionHostProcess.js:658:87)
    at e._invokeHandler (/opt/visual-studio-code/resources/app/out/vs/workbench/node/extensionHostProcess.js:657:779)
    at e._receiveRequest (/opt/visual-studio-code/resources/app/out/vs/workbench/node/extensionHostProcess.js:656:851)
    at e._receiveOneMessage (/opt/visual-studio-code/resources/app/out/vs/workbench/node/extensionHostProcess.js:656:620)
    at /opt/visual-studio-code/resources/app/out/vs/workbench/node/extensionHostProcess.js:655:544
    at /opt/visual-studio-code/resources/app/out/vs/workbench/node/extensionHostProcess.js:658:673
    at /opt/visual-studio-code/resources/app/out/vs/workbench/node/extensionHostProcess.js:96:599
    at e.fire (/opt/visual-studio-code/resources/app/out/vs/workbench/node/extensionHostProcess.js:97:917)
    at u (/opt/visual-studio-code/resources/app/out/vs/workbench/node/extensionHostProcess.js:159:721)
    at Socket.<anonymous> (/opt/visual-studio-code/resources/app/out/vs/workbench/node/extensionHostProcess.js:159:898)
    at emitOne (events.js:96:13)
    at Socket.emit (events.js:191:7)
    at readableAddChunk (_stream_readable.js:178:18)
    at Socket.Readable.push (_stream_readable.js:136:10)
    at Pipe.onread (net.js:560:20)
[2018-08-05 16:46:28.058] [renderer1] [error] Cannot read property 'opening' of null: TypeError: Cannot read property 'opening' of null
    at getClosingTag (/home/doit/.vscode/extensions/vincaslt.highlight-matching-tag-0.4.4/out/src/extension.js:61:35)
    at findClosingTag (/home/doit/.vscode/extensions/vincaslt.highlight-matching-tag-0.4.4/out/src/extension.js:67:46)
    at findCurrentTag (/home/doit/.vscode/extensions/vincaslt.highlight-matching-tag-0.4.4/out/src/extension.js:87:16)
    at vscode.window.onDidChangeTextEditorSelection (/home/doit/.vscode/extensions/vincaslt.highlight-matching-tag-0.4.4/out/src/extension.js:134:28)
    at e.fire (/opt/visual-studio-code/resources/app/out/vs/workbench/node/extensionHostProcess.js:97:917)
    at e.$acceptEditorPropertiesChanged (/opt/visual-studio-code/resources/app/out/vs/workbench/node/extensionHostProcess.js:758:723)
    at e._doInvokeHandler (/opt/visual-studio-code/resources/app/out/vs/workbench/node/extensionHostProcess.js:658:87)
    at e._invokeHandler (/opt/visual-studio-code/resources/app/out/vs/workbench/node/extensionHostProcess.js:657:779)
    at e._receiveRequest (/opt/visual-studio-code/resources/app/out/vs/workbench/node/extensionHostProcess.js:656:851)
    at e._receiveOneMessage (/opt/visual-studio-code/resources/app/out/vs/workbench/node/extensionHostProcess.js:656:620)
    at /opt/visual-studio-code/resources/app/out/vs/workbench/node/extensionHostProcess.js:655:544
    at /opt/visual-studio-code/resources/app/out/vs/workbench/node/extensionHostProcess.js:658:673
    at /opt/visual-studio-code/resources/app/out/vs/workbench/node/extensionHostProcess.js:96:599
    at e.fire (/opt/visual-studio-code/resources/app/out/vs/workbench/node/extensionHostProcess.js:97:917)
    at u (/opt/visual-studio-code/resources/app/out/vs/workbench/node/extensionHostProcess.js:159:721)
    at Socket.<anonymous> (/opt/visual-studio-code/resources/app/out/vs/workbench/node/extensionHostProcess.js:159:898)
    at emitOne (events.js:96:13)
    at Socket.emit (events.js:191:7)
    at readableAddChunk (_stream_readable.js:178:18)
    at Socket.Readable.push (_stream_readable.js:136:10)
    at Pipe.onread (net.js:560:20)
[2018-08-05 16:46:29.119] [renderer1] [error] Cannot read property 'opening' of null: TypeError: Cannot read property 'opening' of null
    at getClosingTag (/home/doit/.vscode/extensions/vincaslt.highlight-matching-tag-0.4.4/out/src/extension.js:61:35)
    at findClosingTag (/home/doit/.vscode/extensions/vincaslt.highlight-matching-tag-0.4.4/out/src/extension.js:67:46)
    at findCurrentTag (/home/doit/.vscode/extensions/vincaslt.highlight-matching-tag-0.4.4/out/src/extension.js:87:16)
    at vscode.window.onDidChangeTextEditorSelection (/home/doit/.vscode/extensions/vincaslt.highlight-matching-tag-0.4.4/out/src/extension.js:134:28)
    at e.fire (/opt/visual-studio-code/resources/app/out/vs/workbench/node/extensionHostProcess.js:97:917)
    at e.$acceptEditorPropertiesChanged (/opt/visual-studio-code/resources/app/out/vs/workbench/node/extensionHostProcess.js:758:723)
    at e._doInvokeHandler (/opt/visual-studio-code/resources/app/out/vs/workbench/node/extensionHostProcess.js:658:87)
    at e._invokeHandler (/opt/visual-studio-code/resources/app/out/vs/workbench/node/extensionHostProcess.js:657:779)
    at e._receiveRequest (/opt/visual-studio-code/resources/app/out/vs/workbench/node/extensionHostProcess.js:656:851)
    at e._receiveOneMessage (/opt/visual-studio-code/resources/app/out/vs/workbench/node/extensionHostProcess.js:656:620)
    at /opt/visual-studio-code/resources/app/out/vs/workbench/node/extensionHostProcess.js:655:544
    at /opt/visual-studio-code/resources/app/out/vs/workbench/node/extensionHostProcess.js:658:673
    at /opt/visual-studio-code/resources/app/out/vs/workbench/node/extensionHostProcess.js:96:599
    at e.fire (/opt/visual-studio-code/resources/app/out/vs/workbench/node/extensionHostProcess.js:97:917)
    at u (/opt/visual-studio-code/resources/app/out/vs/workbench/node/extensionHostProcess.js:159:721)
    at Socket.<anonymous> (/opt/visual-studio-code/resources/app/out/vs/workbench/node/extensionHostProcess.js:159:898)
    at emitOne (events.js:96:13)
    at Socket.emit (events.js:191:7)
    at readableAddChunk (_stream_readable.js:178:18)
    at Socket.Readable.push (_stream_readable.js:136:10)
    at Pipe.onread (net.js:560:20)
[2018-08-05 16:46:30.158] [renderer1] [error] Cannot read property 'opening' of null: TypeError: Cannot read property 'opening' of null
    at getClosingTag (/home/doit/.vscode/extensions/vincaslt.highlight-matching-tag-0.4.4/out/src/extension.js:61:35)
    at findClosingTag (/home/doit/.vscode/extensions/vincaslt.highlight-matching-tag-0.4.4/out/src/extension.js:67:46)
    at findCurrentTag (/home/doit/.vscode/extensions/vincaslt.highlight-matching-tag-0.4.4/out/src/extension.js:87:16)
    at vscode.window.onDidChangeTextEditorSelection (/home/doit/.vscode/extensions/vincaslt.highlight-matching-tag-0.4.4/out/src/extension.js:134:28)
    at e.fire (/opt/visual-studio-code/resources/app/out/vs/workbench/node/extensionHostProcess.js:97:917)
    at e.$acceptEditorPropertiesChanged (/opt/visual-studio-code/resources/app/out/vs/workbench/node/extensionHostProcess.js:758:723)
    at e._doInvokeHandler (/opt/visual-studio-code/resources/app/out/vs/workbench/node/extensionHostProcess.js:658:87)
    at e._invokeHandler (/opt/visual-studio-code/resources/app/out/vs/workbench/node/extensionHostProcess.js:657:779)
    at e._receiveRequest (/opt/visual-studio-code/resources/app/out/vs/workbench/node/extensionHostProcess.js:656:851)
    at e._receiveOneMessage (/opt/visual-studio-code/resources/app/out/vs/workbench/node/extensionHostProcess.js:656:620)
    at /opt/visual-studio-code/resources/app/out/vs/workbench/node/extensionHostProcess.js:655:544
    at /opt/visual-studio-code/resources/app/out/vs/workbench/node/extensionHostProcess.js:658:673
    at /opt/visual-studio-code/resources/app/out/vs/workbench/node/extensionHostProcess.js:96:599
    at e.fire (/opt/visual-studio-code/resources/app/out/vs/workbench/node/extensionHostProcess.js:97:917)
    at u (/opt/visual-studio-code/resources/app/out/vs/workbench/node/extensionHostProcess.js:159:721)
    at Socket.<anonymous> (/opt/visual-studio-code/resources/app/out/vs/workbench/node/extensionHostProcess.js:159:898)
    at emitOne (events.js:96:13)
    at Socket.emit (events.js:191:7)
    at readableAddChunk (_stream_readable.js:178:18)
    at Socket.Readable.push (_stream_readable.js:136:10)
    at Pipe.onread (net.js:560:20)
